#
# A fatal error has been detected by the Java Runtime Environment:
#
#  SIGSEGV (0xb) at pc=0x000074f317c6de2a, pid=66507, tid=66615
#
# JRE version: OpenJDK Runtime Environment (21.0.8+9) (build 21.0.8+9-Ubuntu-0ubuntu124.04.1)
# Java VM: OpenJDK 64-Bit Server VM (21.0.8+9-Ubuntu-0ubuntu124.04.1, mixed mode, sharing, tiered, compressed oops, compressed class ptrs, g1 gc, linux-amd64)
# Problematic frame:
# 
[error occurred during error reporting (printing problematic frame), id 0xb, SIGSEGV (0xb) at pc=0x000074f32f084e49]
# Core dump will be written. Default location: Core dumps may be processed with "/usr/share/apport/apport -p%p -s%s -c%c -d%d -P%P -u%u -g%g -F%F -- %E" (or dumping to /home/user/ProgrammingLocal/Uni/platzda/core.66507)
#
# If you would like to submit a bug report, please visit:
#   https://bugs.launchpad.net/ubuntu/+source/openjdk-21
#

---------------  S U M M A R Y ------------

Command Line: -javaagent:/snap/intellij-idea-ultimate/634/lib/idea_rt.jar=38991 -Dfile.encoding=UTF-8 -Dsun.stdout.encoding=UTF-8 -Dsun.stderr.encoding=UTF-8 eva.platzda.cli.CliMain

Host: AMD Ryzen 7 5800X 8-Core Processor, 32 cores, 31G, Ubuntu 24.04.2 LTS
Time: Sat Aug  9 19:01:12 2025 CEST elapsed time: 181.835151 seconds (0d 0h 3m 1s)

---------------  T H R E A D  ---------------

Current thread (0x000074f29c00d7c0):  WorkerThread "GC Thread#7"    [id=66615, stack(0x000074f2ad5f9000,0x000074f2ad6f9000) (1024K)]

Stack: [0x000074f2ad5f9000,0x000074f2ad6f9000],  sp=0x000074f2ad6f7960,  free space=1018k
Native frames: (J=compiled Java code, j=interpreted, Vv=VM code, C=native code)

[error occurred during error reporting (printing native stack (with source info)), id 0xb, SIGSEGV (0xb) at pc=0x000074f32f084e49]

Retrying call stack printing without source information...
Native frames: (J=compiled Java code, j=interpreted, Vv=VM code, C=native code)

[error occurred during error reporting (retry printing native stack (no source info)), id 0xb, SIGSEGV (0xb) at pc=0x000074f32f084e49]

siginfo: si_signo: 11 (SIGSEGV), si_code: 128 (SI_KERNEL), si_addr: 0x0000000000000000

Registers:
RAX=0x000074f32f90a460, RBX=0x000000000000001a, RCX=0x00000000000074f2, RDX=0x000074f2af0ddb30
RSP=0x000074f2ad6f7960, RBP=0x000074f2ad6f79d0, RSI=0x0000000629919bc8, RDI=0x000074f234002608
R8 =0x0000000000000000, R9 =0x000074f29c0128e8, R10=0x000074f32f948380, R11=0x0000000000000077
R12=0x000074f234002480, R13=0x000074f32f8cb710, R14=0x0f60000000000001, R15=0x000074f29c01b308
RIP=0x000074f317c6de2a, EFLAGS=0x0000000000010212, CSGSFS=0x002b000000000033, ERR=0x0000000000000000
  TRAPNO=0x000000000000000d

XMM[0]=0x0000000000000000 0x0000000000000000
XMM[1]=0xc532336d00000000 0x0000000000000000
XMM[2]=0x0000000000000000 0x0000000000000000
XMM[3]=0x00000000c5323371 0x0000000000000000
XMM[4]=0x00000000c5323215 0x00000000c532324d
XMM[5]=0x0000000000000000 0xc53232c100000000
XMM[6]=0x0000000000000000 0xc532330100000000
XMM[7]=0xc532331fc5323339 0x00000000c5323357
XMM[8]=0x0000000000000000 0x0000000000000000
XMM[9]=0x0000000000000000 0x0000000000000000
XMM[10]=0x3f3f3f3f3f3f3f3f 0x3f3f3f3f3f3f3f3f
XMM[11]=0x9999999999999999 0x9999999999999999
XMM[12]=0x2020202020202020 0x2020202020202020
XMM[13]=0x0000000000000000 0x0000000000000000
XMM[14]=0x0000000000000000 0x0000000000000000
XMM[15]=0x0000000000000000 0x0000000000000000
  MXCSR=0x00001fa2


Register to memory mapping:

RAX=0x000074f32f90a460: <offset 0x000000000150a460> in /usr/lib/jvm/java-21-openjdk-amd64/lib/server/libjvm.so at 0x000074f32e400000
RBX=0x000000000000001a is an unknown value
RCX=0x00000000000074f2 is an unknown value
RDX=0x000074f2af0ddb30 is pointing into metadata
RSP=0x000074f2ad6f7960 points into unknown readable memory: 0x0000000000000000 | 00 00 00 00 00 00 00 00
RBP=0x000074f2ad6f79d0 points into unknown readable memory: 0x000074f2ad6f7a80 | 80 7a 6f ad f2 74 00 00
RSI=
[error occurred during error reporting (printing register info), id 0xb, SIGSEGV (0xb) at pc=0x000074f32ebc6533]
RDI=0x000074f234002608 points into unknown readable memory: 0x000074f32f7ff5e8 | e8 f5 7f 2f f3 74 00 00
R8 =0x0 is null
R9 =0x000074f29c0128e8 points into unknown readable memory: 0x0080000000000000 | 00 00 00 00 00 00 80 00
R10=0x000074f32f948380: <offset 0x0000000001548380> in /usr/lib/jvm/java-21-openjdk-amd64/lib/server/libjvm.so at 0x000074f32e400000
R11=0x0000000000000077 is an unknown value
R12=0x000074f234002480 points into unknown readable memory: 0x000074f32f7ff638 | 38 f6 7f 2f f3 74 00 00
R13=0x000074f32f8cb710: <offset 0x00000000014cb710> in /usr/lib/jvm/java-21-openjdk-amd64/lib/server/libjvm.so at 0x000074f32e400000
R14=0x0f60000000000001 is an unknown value
R15=0x000074f29c01b308 points into unknown readable memory: 0x000074f32f8079a8 | a8 79 80 2f f3 74 00 00

Top of Stack: (sp=0x000074f2ad6f7960)
0x000074f2ad6f7960:   0000000000000000 000074f3280fcdc0
0x000074f2ad6f7970:   000074f32f90a460 000074f32ec154c0
0x000074f2ad6f7980:   00000001ad6f79d0 0000000629919bc8
0x000074f2ad6f7990:   000074f2af03eb60 00000000000005a3
0x000074f2ad6f79a0:   000074f2ad6f79d0 000074f234002480
0x000074f2ad6f79b0:   000000060bce71cd 0000000629919bc8
0x000074f2ad6f79c0:   000074f32f8cb708 000074f32f8c9eb0
0x000074f2ad6f79d0:   000074f2ad6f7a80 000074f32ec193f6
0x000074f2ad6f79e0:   000074f29c001a60 000000062ac8c510
0x000074f2ad6f79f0:   000000060bce7128 0000000000000005
0x000074f2ad6f7a00:   0000000000000009 0f60000000000001
0x000074f2ad6f7a10:   0000000600000000 000074f3280fcdc0
0x000074f2ad6f7a20:   000074f2af0ddb30 0000000600000001
0x000074f2ad6f7a30:   00000040ad6f7a40 000074f32f90c5f4
0x000074f2ad6f7a40:   010074f2ad6f7a60 0000000000000009
0x000074f2ad6f7a50:   0000000000008c8c 000074f234002480
0x000074f2ad6f7a60:   000074f27015b1e8 01ffc00000000000
0x000074f2ad6f7a70:   000074f27015b080 0000200000000000
0x000074f2ad6f7a80:   000074f2ad6f7ad0 000074f32ec396bc
0x000074f2ad6f7a90:   000074f2ad6f7aa0 000074f2ad6f7b50
0x000074f2ad6f7aa0:   0000002a5628ef8f 0000000000000000
0x000074f2ad6f7ab0:   000074f2340028e8 01ffe00000000000
0x000074f2ad6f7ac0:   01ffc00000000000 000074f27015b080
0x000074f2ad6f7ad0:   000074f2ad6f7be0 000074f32ec3c165
0x000074f2ad6f7ae0:   000074f2ad6f7b30 000074f2ad6f7b50
0x000074f2ad6f7af0:   000074f2340028e0 0000000000000000
0x000074f2ad6f7b00:   00000007ad6f7b30 000074f29c001a60
0x000074f2ad6f7b10:   000074f3048eefa0 000074f2ad6f7b30
0x000074f2ad6f7b20:   0000000000000001 000074f3048eefe8
0x000074f2ad6f7b30:   0000000000000001 0000000000000002
0x000074f2ad6f7b40:   0000000000000000 000074f234002990
0x000074f2ad6f7b50:   000074f32f7ff238 0000002a56289e95 

Instructions: (pc=0x000074f317c6de2a)
0x000074f317c6dd2a:   83 c5 04 49 ba 80 73 94 2f f3 74 00 00 41 ff 24
0x000074f317c6dd3a:   da 0f 1f 44 00 00 36 f7 51 2f f3 74 00 00 98 00
0x000074f317c6dd4a:   00 00 19 00 00 00 00 00 00 00 00 00 00 00 00 00
0x000074f317c6dd5a:   00 00 00 00 00 00 48 83 ec 08 c5 fa 11 04 24 eb
0x000074f317c6dd6a:   1f 48 83 ec 10 c5 fb 11 04 24 eb 14 48 83 ec 10
0x000074f317c6dd7a:   48 89 04 24 48 c7 44 24 08 00 00 00 00 eb 01 50
0x000074f317c6dd8a:   41 0f b6 5d 01 48 f7 db 49 8b 04 de 41 0f b6 5d
0x000074f317c6dd9a:   02 49 83 c5 02 49 ba 80 7b 94 2f f3 74 00 00 41
0x000074f317c6ddaa:   ff 24 da 41 0f b7 5d 02 0f cb c1 eb 10 48 f7 db
0x000074f317c6ddba:   49 8b 04 de 41 0f b6 5d 04 49 83 c5 04 49 ba 80
0x000074f317c6ddca:   7b 94 2f f3 74 00 00 41 ff 24 da 66 66 90 81 f6
0x000074f317c6ddda:   51 2f f3 74 00 00 70 00 00 00 1a 00 00 00 00 00
0x000074f317c6ddea:   00 00 00 00 00 00 00 00 00 00 00 00 00 00 00 00
0x000074f317c6ddfa:   00 00 00 00 00 00 48 83 ec 08 c5 fa 11 04 24 eb
0x000074f317c6de0a:   1f 48 83 ec 10 c5 fb 11 04 24 eb 14 48 83 ec 10
0x000074f317c6de1a:   48 89 04 24 48 c7 44 24 08 00 00 00 00 eb 01 50
0x000074f317c6de2a:   41 8b 06 41 0f b6 5d 01 49 ff c5 49 ba 80 5b 94
0x000074f317c6de3a:   2f f3 74 00 00 41 ff 24 da 0f 1f 44 00 00 89 f6
0x000074f317c6de4a:   51 2f f3 74 00 00 60 00 00 00 1b 00 00 00 00 00
0x000074f317c6de5a:   00 00 00 00 00 00 48 83 ec 08 c5 fa 11 04 24 eb
0x000074f317c6de6a:   1f 48 83 ec 10 c5 fb 11 04 24 eb 14 48 83 ec 10
0x000074f317c6de7a:   48 89 04 24 48 c7 44 24 08 00 00 00 00 eb 01 50
0x000074f317c6de8a:   41 8b 46 f8 41 0f b6 5d 01 49 ff c5 49 ba 80 5b
0x000074f317c6de9a:   94 2f f3 74 00 00 41 ff 24 da 0f 1f 40 00 91 f6
0x000074f317c6deaa:   51 2f f3 74 00 00 60 00 00 00 1c 00 00 00 00 00
0x000074f317c6deba:   00 00 00 00 00 00 48 83 ec 08 c5 fa 11 04 24 eb
0x000074f317c6deca:   1f 48 83 ec 10 c5 fb 11 04 24 eb 14 48 83 ec 10
0x000074f317c6deda:   48 89 04 24 48 c7 44 24 08 00 00 00 00 eb 01 50
0x000074f317c6deea:   41 8b 46 f0 41 0f b6 5d 01 49 ff c5 49 ba 80 5b
0x000074f317c6defa:   94 2f f3 74 00 00 41 ff 24 da 0f 1f 40 00 99 f6
0x000074f317c6df0a:   51 2f f3 74 00 00 60 00 00 00 1d 00 00 00 00 00
0x000074f317c6df1a:   00 00 00 00 00 00 48 83 ec 08 c5 fa 11 04 24 eb 


Stack slot to memory mapping:

stack at sp + 0 slots: 0x0 is null
stack at sp + 1 slots: 0x000074f3280fcdc0 points into unknown readable memory: 0x0000000629800000 | 00 00 80 29 06 00 00 00
stack at sp + 2 slots: 0x000074f32f90a460: <offset 0x000000000150a460> in /usr/lib/jvm/java-21-openjdk-amd64/lib/server/libjvm.so at 0x000074f32e400000
stack at sp + 3 slots: 0x000074f32ec154c0: <offset 0x00000000008154c0> in /usr/lib/jvm/java-21-openjdk-amd64/lib/server/libjvm.so at 0x000074f32e400000
stack at sp + 4 slots: 0x00000001ad6f79d0 is an unknown value
stack at sp + 5 slots: 
[error occurred during error reporting (inspecting top of stack), id 0xb, SIGSEGV (0xb) at pc=0x000074f32ebc6533]
stack at sp + 6 slots: 0x000074f2af03eb60 is a pointer to class: 
java.lang.ref.SoftReference {0x000074f2af03eb60}
 - instance size:     5
 - klass size:        73
 - access:            public synchronized 
 - flags:             rewritten has_nonstatic_fields is_shared_boot_class has_localvariable_table 
 - state:             fully_initialized
 - name:              'java/lang/ref/SoftReference'
 - super:             'java/lang/ref/Reference'
 - sub:               'sun/security/util/MemoryCache$SoftCacheEntry'   'java/io/ClassCache$CacheRef'   'sun/util/locale/provider/LocaleResources$ResourceReference'   'sun/util/resources/Bundles$BundleReference'   (2 more klasses...)
 - arrays:            'java/lang/ref/SoftReference'[]
 - methods:           Array<T>(0x000074f2af683128)
 - method ordering:   Array<T>(0x000074f2af683228)
 - local interfaces:  Array<T>(0x000074f2af61bd20)
 - trans. interfaces: Array<T>(0x000074f2af61bd20)
 - secondary supers: Array<T>(0x000074f2af61b870)
 - hash_slot:         35
 - bitmap:            0x0000000000000000
 - constants:         constant pool [47] {0x000074f2af682f58} for 'java/lang/ref/SoftReference' cache=0x000074f2af03ee38
 - class loader data:  loader data: 0x000074f32810f420 of 'bootstrap'
 - source file:       'SoftReference.java'
 - generic signature: '<T:Ljava/lang/Object;>Ljava/lang/ref/Reference<TT;>;'
 - inner classes:     Array<T>(0x000074f2af61bca8)
 - nest members:     Array<T>(0x000074f2af61bca8)
 - permitted subclasses:     Array<T>(0x000074f2af61bca8)
 - java mirror:       a 'java/lang/Class'{0x00000007ffc82210} = 'java/lang/ref/SoftReference'
 - vtable length      12  (start addr: 0x000074f2af03ed30)
 - itable length      2 (start addr: 0x000074f2af03ed90)
 - ---- static fields (1 words):
 - private static 'clock' 'J' @112 
 - ---- non-static fields (7 words):
 - private 'referent' 'Ljava/lang/Object;' @12 
 - volatile 'queue' 'Ljava/lang/ref/ReferenceQueue;' @16 
 - volatile 'next' 'Ljava/lang/ref/Reference;' @20 
 - private transient 'discovered' 'Ljava/lang/ref/Reference;' @24 
 - private 'timestamp' 'J' @32 
 - non-static oop maps: 16-20 
stack at sp + 7 slots: 0x00000000000005a3 is an unknown value

iload_0  26 iload_0  [0x000074f317c6de00, 0x000074f317c6de48]  72 bytes
[MachCode]
  0x000074f317c6de00: 4883 ec08 | c5fa 1104 | 24eb 1f48 | 83ec 10c5 | fb11 0424 | eb14 4883 | ec10 4889 | 0424 48c7 
  0x000074f317c6de20: 4424 0800 | 0000 00eb | 0150 418b | 0641 0fb6 | 5d01 49ff | c549 ba80 | 5b94 2ff3 | 7400 0041 
  0x000074f317c6de40: ff24 da0f | 1f44 0000 
[/MachCode]

---------------  P R O C E S S  ---------------

Threads class SMR info:
_java_thread_list=0x000074f27c0885b0, length=16, elements={
0x000074f32801b690, 0x000074f328131420, 0x000074f328132990, 0x000074f328134130,
0x000074f328135770, 0x000074f328136d10, 0x000074f3281388d0, 0x000074f328139f90,
0x000074f32814b040, 0x000074f3281b3cf0, 0x000074f3281b5e10, 0x000074f298000fe0,
0x000074f2701af140, 0x000074f2540014f0, 0x000074f2580142a0, 0x000074f25801a580
}

Java Threads: ( => current thread )
  0x000074f32801b690 JavaThread "main"                              [_thread_in_native, id=66512, stack(0x000074f32e300000,0x000074f32e400000) (1024K)]
  0x000074f328131420 JavaThread "Reference Handler"          daemon [_thread_blocked, id=66528, stack(0x000074f304100000,0x000074f304200000) (1024K)]
  0x000074f328132990 JavaThread "Finalizer"                  daemon [_thread_blocked, id=66530, stack(0x000074f304000000,0x000074f304100000) (1024K)]
  0x000074f328134130 JavaThread "Signal Dispatcher"          daemon [_thread_blocked, id=66533, stack(0x000074f2aef00000,0x000074f2af000000) (1024K)]
  0x000074f328135770 JavaThread "Service Thread"             daemon [_thread_blocked, id=66535, stack(0x000074f2aee00000,0x000074f2aef00000) (1024K)]
  0x000074f328136d10 JavaThread "Monitor Deflation Thread"   daemon [_thread_blocked, id=66537, stack(0x000074f2aed00000,0x000074f2aee00000) (1024K)]
  0x000074f3281388d0 JavaThread "C2 CompilerThread0"         daemon [_thread_blocked, id=66538, stack(0x000074f2aec00000,0x000074f2aed00000) (1024K)]
  0x000074f328139f90 JavaThread "C1 CompilerThread0"         daemon [_thread_blocked, id=66539, stack(0x000074f2aeb00000,0x000074f2aec00000) (1024K)]
  0x000074f32814b040 JavaThread "Common-Cleaner"             daemon [_thread_blocked, id=66543, stack(0x000074f2ae900000,0x000074f2aea00000) (1024K)]
  0x000074f3281b3cf0 JavaThread "Monitor Ctrl-Break"         daemon [_thread_in_native, id=66547, stack(0x000074f2ae700000,0x000074f2ae800000) (1024K)]
  0x000074f3281b5e10 JavaThread "Notification Thread"        daemon [_thread_blocked, id=66548, stack(0x000074f2ae600000,0x000074f2ae700000) (1024K)]
  0x000074f298000fe0 JavaThread "Attach Listener"            daemon [_thread_blocked, id=66549, stack(0x000074f2ae500000,0x000074f2ae600000) (1024K)]
  0x000074f2701af140 JavaThread "RMI TCP Accept-0"           daemon [_thread_in_native, id=66583, stack(0x000074f2adfff000,0x000074f2ae0ff000) (1024K)]
  0x000074f2540014f0 JavaThread "RMI TCP Connection(1)-127.0.0.1" daemon [_thread_blocked, id=66588, stack(0x000074f2adeff000,0x000074f2adfff000) (1024K)]
  0x000074f2580142a0 JavaThread "RMI Scheduler(0)"           daemon [_thread_blocked, id=66589, stack(0x000074f2addff000,0x000074f2adeff000) (1024K)]
  0x000074f25801a580 JavaThread "JMX server connection timeout 34" daemon [_thread_blocked, id=66590, stack(0x000074f2adcff000,0x000074f2addff000) (1024K)]
Total: 16

Other Threads:
  0x000074f328128020 VMThread "VM Thread"                           [id=66525, stack(0x000074f3047f1000,0x000074f3048f1000) (1024K)]
  0x000074f328115c40 WatcherThread "VM Periodic Task Thread"        [id=66523, stack(0x000074f3048f2000,0x000074f3049f2000) (1024K)]
  0x000074f328046c70 WorkerThread "GC Thread#0"                     [id=66513, stack(0x000074f327f00000,0x000074f328000000) (1024K)]
  0x000074f29c0094e0 WorkerThread "GC Thread#1"                     [id=66609, stack(0x000074f2adbff000,0x000074f2adcff000) (1024K)]
  0x000074f29c009e10 WorkerThread "GC Thread#2"                     [id=66610, stack(0x000074f2adafe000,0x000074f2adbfe000) (1024K)]
  0x000074f29c00a740 WorkerThread "GC Thread#3"                     [id=66611, stack(0x000074f2ad9fd000,0x000074f2adafd000) (1024K)]
  0x000074f29c00b070 WorkerThread "GC Thread#4"                     [id=66612, stack(0x000074f2ad8fc000,0x000074f2ad9fc000) (1024K)]
  0x000074f29c00b9a0 WorkerThread "GC Thread#5"                     [id=66613, stack(0x000074f2ad7fb000,0x000074f2ad8fb000) (1024K)]
  0x000074f29c00c8b0 WorkerThread "GC Thread#6"                     [id=66614, stack(0x000074f2ad6fa000,0x000074f2ad7fa000) (1024K)]
=>0x000074f29c00d7c0 WorkerThread "GC Thread#7"                     [id=66615, stack(0x000074f2ad5f9000,0x000074f2ad6f9000) (1024K)]
  0x000074f29c00e6d0 WorkerThread "GC Thread#8"                     [id=66616, stack(0x000074f2ad4f8000,0x000074f2ad5f8000) (1024K)]
  0x000074f29c00f5e0 WorkerThread "GC Thread#9"                     [id=66617, stack(0x000074f2ad3f7000,0x000074f2ad4f7000) (1024K)]
  0x000074f29c010510 WorkerThread "GC Thread#10"                    [id=66618, stack(0x000074f2ad2f6000,0x000074f2ad3f6000) (1024K)]
  0x000074f29c011460 WorkerThread "GC Thread#11"                    [id=66619, stack(0x000074f2ad1f5000,0x000074f2ad2f5000) (1024K)]
  0x000074f328057cc0 ConcurrentGCThread "G1 Main Marker"            [id=66514, stack(0x000074f307a4e000,0x000074f307b4e000) (1024K)]
  0x000074f328058c70 WorkerThread "G1 Conc#0"                       [id=66515, stack(0x000074f30794d000,0x000074f307a4d000) (1024K)]
  0x000074f3281033d0 ConcurrentGCThread "G1 Refine#0"               [id=66517, stack(0x000074f304af4000,0x000074f304bf4000) (1024K)]
  0x000074f328104390 ConcurrentGCThread "G1 Service"                [id=66518, stack(0x000074f3049f3000,0x000074f304af3000) (1024K)]
Total: 18

Threads with active compile tasks:
Total: 0

VM state: at safepoint (normal execution)

VM Mutex/Monitor currently owned by a thread:  ([mutex/lock_event])
[0x000074f32f926e10] Threads_lock - owner thread: 0x000074f328128020
[0x000074f32f926d10] Heap_lock - owner thread: 0x000074f2540014f0

Heap address: 0x000000060bc00000, size: 8004 MB, Compressed Oops mode: Zero based, Oop shift amount: 3

CDS archive(s) mapped at: [0x000074f2af000000-0x000074f2afca0000-0x000074f2afca0000), size 13238272, SharedBaseAddress: 0x000074f2af000000, ArchiveRelocationMode: 1.
Compressed class space mapped at: 0x000074f2b0000000-0x000074f2f0000000, reserved size: 1073741824
Narrow klass base: 0x000074f2af000000, Narrow klass shift: 0, Narrow klass range: 0x100000000

GC Precious Log:
 CardTable entry size: 512
 Card Set container configuration: InlinePtr #cards 4 size 8 Array Of Cards #cards 32 size 80 Howl #buckets 8 coarsen threshold 7372 Howl Bitmap #cards 1024 size 144 coarsen threshold 921 Card regions per heap region 1 cards per card region 8192
 CPUs: 32 total, 16 available
 Memory: 32013M
 Large Page Support: Disabled
 NUMA Support: Disabled
 Compressed Oops: Enabled (Zero based)
 Heap Region Size: 4M
 Heap Min Capacity: 8M
 Heap Initial Capacity: 504M
 Heap Max Capacity: 8004M
 Pre-touch: Disabled
 Parallel Workers: 13
 Concurrent Workers: 3
 Concurrent Refinement Workers: 13
 Periodic GC: Disabled

Heap:
 garbage-first heap   total 520192K, used 34419K [0x000000060bc00000, 0x0000000800000000)
  region size 4096K, 8 young (32768K), 1 survivors (4096K)
 Metaspace       used 17675K, committed 18048K, reserved 1114112K
  class space    used 1854K, committed 2048K, reserved 1048576K

Heap Regions: E=young(eden), S=young(survivor), O=old, HS=humongous(starts), HC=humongous(continues), CS=collection set, F=free, TAMS=top-at-mark-start, PB=parsable bottom
|   0|0x000000060bc00000, 0x000000060c000000, 0x000000060c000000|100%| O|  |TAMS 0x000000060bc00000| PB 0x000000060bc00000| Untracked 
|   1|0x000000060c000000, 0x000000060c3a4598, 0x000000060c400000| 91%| O|  |TAMS 0x000000060c000000| PB 0x000000060c000000| Untracked 
|   2|0x000000060c400000, 0x000000060c400000, 0x000000060c800000|  0%| F|  |TAMS 0x000000060c400000| PB 0x000000060c400000| Untracked 
|   3|0x000000060c800000, 0x000000060c800000, 0x000000060cc00000|  0%| F|  |TAMS 0x000000060c800000| PB 0x000000060c800000| Untracked 
|   4|0x000000060cc00000, 0x000000060cc00000, 0x000000060d000000|  0%| F|  |TAMS 0x000000060cc00000| PB 0x000000060cc00000| Untracked 
|   5|0x000000060d000000, 0x000000060d000000, 0x000000060d400000|  0%| F|  |TAMS 0x000000060d000000| PB 0x000000060d000000| Untracked 
|   6|0x000000060d400000, 0x000000060d400000, 0x000000060d800000|  0%| F|  |TAMS 0x000000060d400000| PB 0x000000060d400000| Untracked 
|   7|0x000000060d800000, 0x000000060d800000, 0x000000060dc00000|  0%| F|  |TAMS 0x000000060d800000| PB 0x000000060d800000| Untracked 
|   8|0x000000060dc00000, 0x000000060dc00000, 0x000000060e000000|  0%| F|  |TAMS 0x000000060dc00000| PB 0x000000060dc00000| Untracked 
|   9|0x000000060e000000, 0x000000060e000000, 0x000000060e400000|  0%| F|  |TAMS 0x000000060e000000| PB 0x000000060e000000| Untracked 
|  10|0x000000060e400000, 0x000000060e400000, 0x000000060e800000|  0%| F|  |TAMS 0x000000060e400000| PB 0x000000060e400000| Untracked 
|  11|0x000000060e800000, 0x000000060e800000, 0x000000060ec00000|  0%| F|  |TAMS 0x000000060e800000| PB 0x000000060e800000| Untracked 
|  12|0x000000060ec00000, 0x000000060ec00000, 0x000000060f000000|  0%| F|  |TAMS 0x000000060ec00000| PB 0x000000060ec00000| Untracked 
|  13|0x000000060f000000, 0x000000060f000000, 0x000000060f400000|  0%| F|  |TAMS 0x000000060f000000| PB 0x000000060f000000| Untracked 
|  14|0x000000060f400000, 0x000000060f400000, 0x000000060f800000|  0%| F|  |TAMS 0x000000060f400000| PB 0x000000060f400000| Untracked 
|  15|0x000000060f800000, 0x000000060f800000, 0x000000060fc00000|  0%| F|  |TAMS 0x000000060f800000| PB 0x000000060f800000| Untracked 
|  16|0x000000060fc00000, 0x000000060fc00000, 0x0000000610000000|  0%| F|  |TAMS 0x000000060fc00000| PB 0x000000060fc00000| Untracked 
|  17|0x0000000610000000, 0x0000000610000000, 0x0000000610400000|  0%| F|  |TAMS 0x0000000610000000| PB 0x0000000610000000| Untracked 
|  18|0x0000000610400000, 0x0000000610400000, 0x0000000610800000|  0%| F|  |TAMS 0x0000000610400000| PB 0x0000000610400000| Untracked 
|  19|0x0000000610800000, 0x0000000610800000, 0x0000000610c00000|  0%| F|  |TAMS 0x0000000610800000| PB 0x0000000610800000| Untracked 
|  20|0x0000000610c00000, 0x0000000610c00000, 0x0000000611000000|  0%| F|  |TAMS 0x0000000610c00000| PB 0x0000000610c00000| Untracked 
|  21|0x0000000611000000, 0x0000000611000000, 0x0000000611400000|  0%| F|  |TAMS 0x0000000611000000| PB 0x0000000611000000| Untracked 
|  22|0x0000000611400000, 0x0000000611400000, 0x0000000611800000|  0%| F|  |TAMS 0x0000000611400000| PB 0x0000000611400000| Untracked 
|  23|0x0000000611800000, 0x0000000611800000, 0x0000000611c00000|  0%| F|  |TAMS 0x0000000611800000| PB 0x0000000611800000| Untracked 
|  24|0x0000000611c00000, 0x0000000611c00000, 0x0000000612000000|  0%| F|  |TAMS 0x0000000611c00000| PB 0x0000000611c00000| Untracked 
|  25|0x0000000612000000, 0x0000000612000000, 0x0000000612400000|  0%| F|  |TAMS 0x0000000612000000| PB 0x0000000612000000| Untracked 
|  26|0x0000000612400000, 0x0000000612400000, 0x0000000612800000|  0%| F|  |TAMS 0x0000000612400000| PB 0x0000000612400000| Untracked 
|  27|0x0000000612800000, 0x0000000612800000, 0x0000000612c00000|  0%| F|  |TAMS 0x0000000612800000| PB 0x0000000612800000| Untracked 
|  28|0x0000000612c00000, 0x0000000612c00000, 0x0000000613000000|  0%| F|  |TAMS 0x0000000612c00000| PB 0x0000000612c00000| Untracked 
|  29|0x0000000613000000, 0x0000000613000000, 0x0000000613400000|  0%| F|  |TAMS 0x0000000613000000| PB 0x0000000613000000| Untracked 
|  30|0x0000000613400000, 0x0000000613400000, 0x0000000613800000|  0%| F|  |TAMS 0x0000000613400000| PB 0x0000000613400000| Untracked 
|  31|0x0000000613800000, 0x0000000613800000, 0x0000000613c00000|  0%| F|  |TAMS 0x0000000613800000| PB 0x0000000613800000| Untracked 
|  32|0x0000000613c00000, 0x0000000613c00000, 0x0000000614000000|  0%| F|  |TAMS 0x0000000613c00000| PB 0x0000000613c00000| Untracked 
|  33|0x0000000614000000, 0x0000000614000000, 0x0000000614400000|  0%| F|  |TAMS 0x0000000614000000| PB 0x0000000614000000| Untracked 
|  34|0x0000000614400000, 0x0000000614400000, 0x0000000614800000|  0%| F|  |TAMS 0x0000000614400000| PB 0x0000000614400000| Untracked 
|  35|0x0000000614800000, 0x0000000614800000, 0x0000000614c00000|  0%| F|  |TAMS 0x0000000614800000| PB 0x0000000614800000| Untracked 
|  36|0x0000000614c00000, 0x0000000614c00000, 0x0000000615000000|  0%| F|  |TAMS 0x0000000614c00000| PB 0x0000000614c00000| Untracked 
|  37|0x0000000615000000, 0x0000000615000000, 0x0000000615400000|  0%| F|  |TAMS 0x0000000615000000| PB 0x0000000615000000| Untracked 
|  38|0x0000000615400000, 0x0000000615400000, 0x0000000615800000|  0%| F|  |TAMS 0x0000000615400000| PB 0x0000000615400000| Untracked 
|  39|0x0000000615800000, 0x0000000615800000, 0x0000000615c00000|  0%| F|  |TAMS 0x0000000615800000| PB 0x0000000615800000| Untracked 
|  40|0x0000000615c00000, 0x0000000615c00000, 0x0000000616000000|  0%| F|  |TAMS 0x0000000615c00000| PB 0x0000000615c00000| Untracked 
|  41|0x0000000616000000, 0x0000000616000000, 0x0000000616400000|  0%| F|  |TAMS 0x0000000616000000| PB 0x0000000616000000| Untracked 
|  42|0x0000000616400000, 0x0000000616400000, 0x0000000616800000|  0%| F|  |TAMS 0x0000000616400000| PB 0x0000000616400000| Untracked 
|  43|0x0000000616800000, 0x0000000616800000, 0x0000000616c00000|  0%| F|  |TAMS 0x0000000616800000| PB 0x0000000616800000| Untracked 
|  44|0x0000000616c00000, 0x0000000616c00000, 0x0000000617000000|  0%| F|  |TAMS 0x0000000616c00000| PB 0x0000000616c00000| Untracked 
|  45|0x0000000617000000, 0x0000000617000000, 0x0000000617400000|  0%| F|  |TAMS 0x0000000617000000| PB 0x0000000617000000| Untracked 
|  46|0x0000000617400000, 0x0000000617400000, 0x0000000617800000|  0%| F|  |TAMS 0x0000000617400000| PB 0x0000000617400000| Untracked 
|  47|0x0000000617800000, 0x0000000617800000, 0x0000000617c00000|  0%| F|  |TAMS 0x0000000617800000| PB 0x0000000617800000| Untracked 
|  48|0x0000000617c00000, 0x0000000617c00000, 0x0000000618000000|  0%| F|  |TAMS 0x0000000617c00000| PB 0x0000000617c00000| Untracked 
|  49|0x0000000618000000, 0x0000000618000000, 0x0000000618400000|  0%| F|  |TAMS 0x0000000618000000| PB 0x0000000618000000| Untracked 
|  50|0x0000000618400000, 0x0000000618400000, 0x0000000618800000|  0%| F|  |TAMS 0x0000000618400000| PB 0x0000000618400000| Untracked 
|  51|0x0000000618800000, 0x0000000618800000, 0x0000000618c00000|  0%| F|  |TAMS 0x0000000618800000| PB 0x0000000618800000| Untracked 
|  52|0x0000000618c00000, 0x0000000618c00000, 0x0000000619000000|  0%| F|  |TAMS 0x0000000618c00000| PB 0x0000000618c00000| Untracked 
|  53|0x0000000619000000, 0x0000000619000000, 0x0000000619400000|  0%| F|  |TAMS 0x0000000619000000| PB 0x0000000619000000| Untracked 
|  54|0x0000000619400000, 0x0000000619400000, 0x0000000619800000|  0%| F|  |TAMS 0x0000000619400000| PB 0x0000000619400000| Untracked 
|  55|0x0000000619800000, 0x0000000619800000, 0x0000000619c00000|  0%| F|  |TAMS 0x0000000619800000| PB 0x0000000619800000| Untracked 
|  56|0x0000000619c00000, 0x0000000619c00000, 0x000000061a000000|  0%| F|  |TAMS 0x0000000619c00000| PB 0x0000000619c00000| Untracked 
|  57|0x000000061a000000, 0x000000061a000000, 0x000000061a400000|  0%| F|  |TAMS 0x000000061a000000| PB 0x000000061a000000| Untracked 
|  58|0x000000061a400000, 0x000000061a400000, 0x000000061a800000|  0%| F|  |TAMS 0x000000061a400000| PB 0x000000061a400000| Untracked 
|  59|0x000000061a800000, 0x000000061a800000, 0x000000061ac00000|  0%| F|  |TAMS 0x000000061a800000| PB 0x000000061a800000| Untracked 
|  60|0x000000061ac00000, 0x000000061ac00000, 0x000000061b000000|  0%| F|  |TAMS 0x000000061ac00000| PB 0x000000061ac00000| Untracked 
|  61|0x000000061b000000, 0x000000061b000000, 0x000000061b400000|  0%| F|  |TAMS 0x000000061b000000| PB 0x000000061b000000| Untracked 
|  62|0x000000061b400000, 0x000000061b400000, 0x000000061b800000|  0%| F|  |TAMS 0x000000061b400000| PB 0x000000061b400000| Untracked 
|  63|0x000000061b800000, 0x000000061b800000, 0x000000061bc00000|  0%| F|  |TAMS 0x000000061b800000| PB 0x000000061b800000| Untracked 
|  64|0x000000061bc00000, 0x000000061bc00000, 0x000000061c000000|  0%| F|  |TAMS 0x000000061bc00000| PB 0x000000061bc00000| Untracked 
|  65|0x000000061c000000, 0x000000061c000000, 0x000000061c400000|  0%| F|  |TAMS 0x000000061c000000| PB 0x000000061c000000| Untracked 
|  66|0x000000061c400000, 0x000000061c400000, 0x000000061c800000|  0%| F|  |TAMS 0x000000061c400000| PB 0x000000061c400000| Untracked 
|  67|0x000000061c800000, 0x000000061c800000, 0x000000061cc00000|  0%| F|  |TAMS 0x000000061c800000| PB 0x000000061c800000| Untracked 
|  68|0x000000061cc00000, 0x000000061cc00000, 0x000000061d000000|  0%| F|  |TAMS 0x000000061cc00000| PB 0x000000061cc00000| Untracked 
|  69|0x000000061d000000, 0x000000061d000000, 0x000000061d400000|  0%| F|  |TAMS 0x000000061d000000| PB 0x000000061d000000| Untracked 
|  70|0x000000061d400000, 0x000000061d400000, 0x000000061d800000|  0%| F|  |TAMS 0x000000061d400000| PB 0x000000061d400000| Untracked 
|  71|0x000000061d800000, 0x000000061d800000, 0x000000061dc00000|  0%| F|  |TAMS 0x000000061d800000| PB 0x000000061d800000| Untracked 
|  72|0x000000061dc00000, 0x000000061dc00000, 0x000000061e000000|  0%| F|  |TAMS 0x000000061dc00000| PB 0x000000061dc00000| Untracked 
|  73|0x000000061e000000, 0x000000061e000000, 0x000000061e400000|  0%| F|  |TAMS 0x000000061e000000| PB 0x000000061e000000| Untracked 
|  74|0x000000061e400000, 0x000000061e400000, 0x000000061e800000|  0%| F|  |TAMS 0x000000061e400000| PB 0x000000061e400000| Untracked 
|  75|0x000000061e800000, 0x000000061e800000, 0x000000061ec00000|  0%| F|  |TAMS 0x000000061e800000| PB 0x000000061e800000| Untracked 
|  76|0x000000061ec00000, 0x000000061ec00000, 0x000000061f000000|  0%| F|  |TAMS 0x000000061ec00000| PB 0x000000061ec00000| Untracked 
|  77|0x000000061f000000, 0x000000061f000000, 0x000000061f400000|  0%| F|  |TAMS 0x000000061f000000| PB 0x000000061f000000| Untracked 
|  78|0x000000061f400000, 0x000000061f400000, 0x000000061f800000|  0%| F|  |TAMS 0x000000061f400000| PB 0x000000061f400000| Untracked 
|  79|0x000000061f800000, 0x000000061f800000, 0x000000061fc00000|  0%| F|  |TAMS 0x000000061f800000| PB 0x000000061f800000| Untracked 
|  80|0x000000061fc00000, 0x000000061fc00000, 0x0000000620000000|  0%| F|  |TAMS 0x000000061fc00000| PB 0x000000061fc00000| Untracked 
|  81|0x0000000620000000, 0x0000000620000000, 0x0000000620400000|  0%| F|  |TAMS 0x0000000620000000| PB 0x0000000620000000| Untracked 
|  82|0x0000000620400000, 0x0000000620400000, 0x0000000620800000|  0%| F|  |TAMS 0x0000000620400000| PB 0x0000000620400000| Untracked 
|  83|0x0000000620800000, 0x0000000620800000, 0x0000000620c00000|  0%| F|  |TAMS 0x0000000620800000| PB 0x0000000620800000| Untracked 
|  84|0x0000000620c00000, 0x0000000620c00000, 0x0000000621000000|  0%| F|  |TAMS 0x0000000620c00000| PB 0x0000000620c00000| Untracked 
|  85|0x0000000621000000, 0x0000000621000000, 0x0000000621400000|  0%| F|  |TAMS 0x0000000621000000| PB 0x0000000621000000| Untracked 
|  86|0x0000000621400000, 0x0000000621400000, 0x0000000621800000|  0%| F|  |TAMS 0x0000000621400000| PB 0x0000000621400000| Untracked 
|  87|0x0000000621800000, 0x0000000621800000, 0x0000000621c00000|  0%| F|  |TAMS 0x0000000621800000| PB 0x0000000621800000| Untracked 
|  88|0x0000000621c00000, 0x0000000621c00000, 0x0000000622000000|  0%| F|  |TAMS 0x0000000621c00000| PB 0x0000000621c00000| Untracked 
|  89|0x0000000622000000, 0x0000000622000000, 0x0000000622400000|  0%| F|  |TAMS 0x0000000622000000| PB 0x0000000622000000| Untracked 
|  90|0x0000000622400000, 0x0000000622400000, 0x0000000622800000|  0%| F|  |TAMS 0x0000000622400000| PB 0x0000000622400000| Untracked 
|  91|0x0000000622800000, 0x0000000622800000, 0x0000000622c00000|  0%| F|  |TAMS 0x0000000622800000| PB 0x0000000622800000| Untracked 
|  92|0x0000000622c00000, 0x0000000622c00000, 0x0000000623000000|  0%| F|  |TAMS 0x0000000622c00000| PB 0x0000000622c00000| Untracked 
|  93|0x0000000623000000, 0x0000000623000000, 0x0000000623400000|  0%| F|  |TAMS 0x0000000623000000| PB 0x0000000623000000| Untracked 
|  94|0x0000000623400000, 0x0000000623400000, 0x0000000623800000|  0%| F|  |TAMS 0x0000000623400000| PB 0x0000000623400000| Untracked 
|  95|0x0000000623800000, 0x0000000623800000, 0x0000000623c00000|  0%| F|  |TAMS 0x0000000623800000| PB 0x0000000623800000| Untracked 
|  96|0x0000000623c00000, 0x0000000623c00000, 0x0000000624000000|  0%| F|  |TAMS 0x0000000623c00000| PB 0x0000000623c00000| Untracked 
|  97|0x0000000624000000, 0x0000000624000000, 0x0000000624400000|  0%| F|  |TAMS 0x0000000624000000| PB 0x0000000624000000| Untracked 
|  98|0x0000000624400000, 0x0000000624400000, 0x0000000624800000|  0%| F|  |TAMS 0x0000000624400000| PB 0x0000000624400000| Untracked 
|  99|0x0000000624800000, 0x0000000624800000, 0x0000000624c00000|  0%| F|  |TAMS 0x0000000624800000| PB 0x0000000624800000| Untracked 
| 100|0x0000000624c00000, 0x0000000624c00000, 0x0000000625000000|  0%| F|  |TAMS 0x0000000624c00000| PB 0x0000000624c00000| Untracked 
| 101|0x0000000625000000, 0x0000000625000000, 0x0000000625400000|  0%| F|  |TAMS 0x0000000625000000| PB 0x0000000625000000| Untracked 
| 102|0x0000000625400000, 0x0000000625400000, 0x0000000625800000|  0%| F|  |TAMS 0x0000000625400000| PB 0x0000000625400000| Untracked 
| 103|0x0000000625800000, 0x0000000625800000, 0x0000000625c00000|  0%| F|  |TAMS 0x0000000625800000| PB 0x0000000625800000| Untracked 
| 104|0x0000000625c00000, 0x0000000625c00000, 0x0000000626000000|  0%| F|  |TAMS 0x0000000625c00000| PB 0x0000000625c00000| Untracked 
| 105|0x0000000626000000, 0x0000000626000000, 0x0000000626400000|  0%| F|  |TAMS 0x0000000626000000| PB 0x0000000626000000| Untracked 
| 106|0x0000000626400000, 0x0000000626400000, 0x0000000626800000|  0%| F|  |TAMS 0x0000000626400000| PB 0x0000000626400000| Untracked 
| 107|0x0000000626800000, 0x0000000626800000, 0x0000000626c00000|  0%| F|  |TAMS 0x0000000626800000| PB 0x0000000626800000| Untracked 
| 108|0x0000000626c00000, 0x0000000626c00000, 0x0000000627000000|  0%| F|  |TAMS 0x0000000626c00000| PB 0x0000000626c00000| Untracked 
| 109|0x0000000627000000, 0x0000000627000000, 0x0000000627400000|  0%| F|  |TAMS 0x0000000627000000| PB 0x0000000627000000| Untracked 
| 110|0x0000000627400000, 0x0000000627400000, 0x0000000627800000|  0%| F|  |TAMS 0x0000000627400000| PB 0x0000000627400000| Untracked 
| 111|0x0000000627800000, 0x0000000627800000, 0x0000000627c00000|  0%| F|  |TAMS 0x0000000627800000| PB 0x0000000627800000| Untracked 
| 112|0x0000000627c00000, 0x0000000627c00000, 0x0000000628000000|  0%| F|  |TAMS 0x0000000627c00000| PB 0x0000000627c00000| Untracked 
| 113|0x0000000628000000, 0x0000000628000000, 0x0000000628400000|  0%| F|  |TAMS 0x0000000628000000| PB 0x0000000628000000| Untracked 
| 114|0x0000000628400000, 0x0000000628400000, 0x0000000628800000|  0%| F|  |TAMS 0x0000000628400000| PB 0x0000000628400000| Untracked 
| 115|0x0000000628800000, 0x0000000628800000, 0x0000000628c00000|  0%| F|  |TAMS 0x0000000628800000| PB 0x0000000628800000| Untracked 
| 116|0x0000000628c00000, 0x0000000628c00000, 0x0000000629000000|  0%| F|  |TAMS 0x0000000628c00000| PB 0x0000000628c00000| Untracked 
| 117|0x0000000629000000, 0x0000000629208548, 0x0000000629400000| 50%| S|  |TAMS 0x0000000629000000| PB 0x0000000629000000| Complete 
| 118|0x0000000629400000, 0x0000000629800000, 0x0000000629800000|100%| E|CS|TAMS 0x0000000629400000| PB 0x0000000629400000| Complete 
| 119|0x0000000629800000, 0x0000000629c00000, 0x0000000629c00000|100%| E|CS|TAMS 0x0000000629800000| PB 0x0000000629800000| Complete 
| 120|0x0000000629c00000, 0x000000062a000000, 0x000000062a000000|100%| E|CS|TAMS 0x0000000629c00000| PB 0x0000000629c00000| Complete 
| 121|0x000000062a000000, 0x000000062a400000, 0x000000062a400000|100%| E|CS|TAMS 0x000000062a000000| PB 0x000000062a000000| Complete 
| 122|0x000000062a400000, 0x000000062a800000, 0x000000062a800000|100%| E|CS|TAMS 0x000000062a400000| PB 0x000000062a400000| Complete 
| 123|0x000000062a800000, 0x000000062ac00000, 0x000000062ac00000|100%| E|CS|TAMS 0x000000062a800000| PB 0x000000062a800000| Complete 
| 124|0x000000062ac00000, 0x000000062b000000, 0x000000062b000000|100%| E|CS|TAMS 0x000000062ac00000| PB 0x000000062ac00000| Complete 
| 125|0x000000062b000000, 0x000000062b400000, 0x000000062b400000|100%| E|CS|TAMS 0x000000062b000000| PB 0x000000062b000000| Complete 
|2000|0x00000007ffc00000, 0x00000007ffd0c8b0, 0x0000000800000000| 26%| O|  |TAMS 0x00000007ffc00000| PB 0x00000007ffc00000| Untracked 

Card table byte_map: [0x000074f30f85e000,0x000074f310800000] _byte_map_base: 0x000074f30c800000

Marking Bits: (CMBitMap*) 0x000074f3280477a0
 Bits: [0x000074f307b4e000, 0x000074f30f85e000)

Polling page: 0x000074f32fe33000

Metaspace:

Usage:
  Non-class:     15,45 MB used.
      Class:      1,81 MB used.
       Both:     17,26 MB used.

Virtual space:
  Non-class space:       64,00 MB reserved,      15,62 MB ( 24%) committed,  1 nodes.
      Class space:        1,00 GB reserved,       2,00 MB ( <1%) committed,  1 nodes.
             Both:        1,06 GB reserved,      17,62 MB (  2%) committed. 

Chunk freelists:
   Non-Class:  265,00 KB
       Class:  14,05 MB
        Both:  14,31 MB

MaxMetaspaceSize: unlimited
CompressedClassSpaceSize: 1,00 GB
Initial GC threshold: 21,00 MB
Current GC threshold: 21,00 MB
CDS: on
 - commit_granule_bytes: 65536.
 - commit_granule_words: 8192.
 - virtual_space_node_default_size: 8388608.
 - enlarge_chunks_in_place: 1.
 - use_allocation_guard: 0.


Internal statistics:

num_allocs_failed_limit: 0.
num_arena_births: 480.
num_arena_deaths: 0.
num_vsnodes_births: 2.
num_vsnodes_deaths: 0.
num_space_committed: 282.
num_space_uncommitted: 0.
num_chunks_returned_to_freelist: 0.
num_chunks_taken_from_freelist: 846.
num_chunk_merges: 0.
num_chunk_splits: 541.
num_chunks_enlarged: 294.
num_inconsistent_stats: 0.

CodeHeap 'non-profiled nmethods': size=119168Kb used=1025Kb max_used=1025Kb free=118142Kb
 bounds [0x000074f3183a0000, 0x000074f318610000, 0x000074f31f800000]
CodeHeap 'profiled nmethods': size=119164Kb used=5855Kb max_used=5855Kb free=113308Kb
 bounds [0x000074f310800000, 0x000074f310dc0000, 0x000074f317c5f000]
CodeHeap 'non-nmethods': size=7428Kb used=1481Kb max_used=3183Kb free=5946Kb
 bounds [0x000074f317c5f000, 0x000074f317fff000, 0x000074f3183a0000]
CodeCache: size=245760Kb, used=8361Kb, max_used=10063Kb, free=237396Kb
 total_blobs=3522, nmethods=2944, adapters=483, full_count=0
Compilation: enabled, stopped_count=0, restarted_count=0

Compilation events (20 events):
Event: 156,783 Thread 0x000074f3281388d0 2935       4       java.io.ObjectInputStream$PeekInputStream::readFully (48 bytes)
Event: 156,792 Thread 0x000074f3281388d0 nmethod 2935 0x000074f318499690 code [0x000074f3184998e0, 0x000074f31849a3e0]
Event: 156,792 Thread 0x000074f3281388d0 2936       4       java.lang.reflect.Method::isCallerSensitive (38 bytes)
Event: 156,793 Thread 0x000074f3281388d0 nmethod 2936 0x000074f31849ab90 code [0x000074f31849ad20, 0x000074f31849ae18]
Event: 157,785 Thread 0x000074f3281388d0 2937       4       jdk.internal.reflect.DirectMethodHandleAccessor::checkArgumentCount (53 bytes)
Event: 157,786 Thread 0x000074f3281388d0 nmethod 2937 0x000074f31849af10 code [0x000074f31849b080, 0x000074f31849b118]
Event: 158,788 Thread 0x000074f3281388d0 2938   !   4       java.io.ObjectOutputStream::defaultWriteFields (288 bytes)
Event: 158,830 Thread 0x000074f3281388d0 nmethod 2938 0x000074f31849b210 code [0x000074f31849b5c0, 0x000074f31849d8c8]
Event: 167,807 Thread 0x000074f3281388d0 2939       4       java.util.TreeMap::containsKey (14 bytes)
Event: 167,807 Thread 0x000074f3281388d0 nmethod 2939 0x000074f31849f190 code [0x000074f31849f320, 0x000074f31849f3e0]
Event: 168,809 Thread 0x000074f328139f90 2940   !   3       javax.management.ObjectName::readObject (122 bytes)
Event: 168,810 Thread 0x000074f328139f90 nmethod 2940 0x000074f310db6790 code [0x000074f310db6a60, 0x000074f310db77f8]
Event: 169,810 Thread 0x000074f3281388d0 2941       4       java.io.ObjectStreamField::isPrimitive (23 bytes)
Event: 169,812 Thread 0x000074f3281388d0 nmethod 2941 0x000074f31849f490 code [0x000074f31849f620, 0x000074f31849f778]
Event: 173,817 Thread 0x000074f3281388d0 2942       4       java.io.ObjectInputStream$BlockDataInputStream::read (62 bytes)
Event: 173,819 Thread 0x000074f3281388d0 nmethod 2942 0x000074f31849f910 code [0x000074f31849fac0, 0x000074f31849fcd8]
Event: 175,821 Thread 0x000074f3281388d0 2943       4       sun.util.logging.internal.LoggingProviderImpl$JULWrapper::toJUL (40 bytes)
Event: 175,822 Thread 0x000074f3281388d0 nmethod 2943 0x000074f31849fe90 code [0x000074f3184a0020, 0x000074f3184a00d8]
Event: 178,828 Thread 0x000074f3281388d0 2944       4       java.io.ObjectStreamField::getTypeCode (9 bytes)
Event: 178,830 Thread 0x000074f3281388d0 nmethod 2944 0x000074f3184a0190 code [0x000074f3184a0320, 0x000074f3184a0448]

GC Heap History (3 events):
Event: 9,372 GC heap before
{Heap before GC invocations=0 (full 0):
 garbage-first heap   total 520192K, used 21554K [0x000000060bc00000, 0x0000000800000000)
  region size 4096K, 6 young (24576K), 0 survivors (0K)
 Metaspace       used 9982K, committed 10432K, reserved 1114112K
  class space    used 1060K, committed 1280K, reserved 1048576K
}
Event: 9,374 GC heap after
{Heap after GC invocations=1 (full 0):
 garbage-first heap   total 520192K, used 5747K [0x000000060bc00000, 0x0000000800000000)
  region size 4096K, 1 young (4096K), 1 survivors (4096K)
 Metaspace       used 9982K, committed 10432K, reserved 1114112K
  class space    used 1060K, committed 1280K, reserved 1048576K
}
Event: 181,834 GC heap before
{Heap before GC invocations=1 (full 0):
 garbage-first heap   total 520192K, used 30323K [0x000000060bc00000, 0x0000000800000000)
  region size 4096K, 8 young (32768K), 1 survivors (4096K)
 Metaspace       used 17675K, committed 18048K, reserved 1114112K
  class space    used 1854K, committed 2048K, reserved 1048576K
}

Dll operation events (11 events):
Event: 0,002 Loaded shared library /usr/lib/jvm/java-21-openjdk-amd64/lib/libjava.so
Event: 0,018 Loaded shared library /usr/lib/jvm/java-21-openjdk-amd64/lib/libjsvml.so
Event: 0,041 Loaded shared library /usr/lib/jvm/java-21-openjdk-amd64/lib/libzip.so
Event: 0,043 Loaded shared library /usr/lib/jvm/java-21-openjdk-amd64/lib/libinstrument.so
Event: 0,044 Loaded shared library /usr/lib/jvm/java-21-openjdk-amd64/lib/libnio.so
Event: 0,048 Loaded shared library /usr/lib/jvm/java-21-openjdk-amd64/lib/libzip.so
Event: 0,056 Loaded shared library /usr/lib/jvm/java-21-openjdk-amd64/lib/libnet.so
Event: 0,058 Loaded shared library /usr/lib/jvm/java-21-openjdk-amd64/lib/libextnet.so
Event: 0,064 Loaded shared library /usr/lib/jvm/java-21-openjdk-amd64/lib/libjimage.so
Event: 0,194 Loaded shared library /usr/lib/jvm/java-21-openjdk-amd64/lib/libmanagement.so
Event: 0,199 Loaded shared library /usr/lib/jvm/java-21-openjdk-amd64/lib/libmanagement_ext.so

Deoptimization events (20 events):
Event: 30,620 Thread 0x000074f32801b690 DEOPT PACKING pc=0x000074f318438100 sp=0x000074f32e3fe390
Event: 30,620 Thread 0x000074f32801b690 DEOPT UNPACKING pc=0x000074f317cb2f99 sp=0x000074f32e3fe248 mode 2
Event: 71,576 Thread 0x000074f2540014f0 DEOPT PACKING pc=0x000074f310c76237 sp=0x000074f2adffbba0
Event: 71,576 Thread 0x000074f2540014f0 DEOPT UNPACKING pc=0x000074f317cb372f sp=0x000074f2adffb0d0 mode 0
Event: 105,667 Thread 0x000074f2540014f0 Uncommon trap: trap_request=0xffffffde fr.pc=0x000074f318483e3c relative=0x000000000000011c
Event: 105,667 Thread 0x000074f2540014f0 Uncommon trap: reason=class_check action=maybe_recompile pc=0x000074f318483e3c method=jdk.internal.misc.Unsafe.allocateUninitializedArray(Ljava/lang/Class;I)Ljava/lang/Object; @ 51 c2
Event: 105,667 Thread 0x000074f2540014f0 DEOPT PACKING pc=0x000074f318483e3c sp=0x000074f2adffc940
Event: 105,667 Thread 0x000074f2540014f0 DEOPT UNPACKING pc=0x000074f317cb2f99 sp=0x000074f2adffc8d8 mode 2
Event: 105,667 Thread 0x000074f25801a580 Uncommon trap: trap_request=0xffffffde fr.pc=0x000074f318483e3c relative=0x000000000000011c
Event: 105,667 Thread 0x000074f25801a580 Uncommon trap: reason=class_check action=maybe_recompile pc=0x000074f318483e3c method=jdk.internal.misc.Unsafe.allocateUninitializedArray(Ljava/lang/Class;I)Ljava/lang/Object; @ 51 c2
Event: 105,667 Thread 0x000074f25801a580 DEOPT PACKING pc=0x000074f318483e3c sp=0x000074f2addfd6d0
Event: 105,667 Thread 0x000074f25801a580 DEOPT UNPACKING pc=0x000074f317cb2f99 sp=0x000074f2addfd668 mode 2
Event: 105,667 Thread 0x000074f25801a580 Uncommon trap: trap_request=0xffffffde fr.pc=0x000074f318483e3c relative=0x000000000000011c
Event: 105,667 Thread 0x000074f25801a580 Uncommon trap: reason=class_check action=maybe_recompile pc=0x000074f318483e3c method=jdk.internal.misc.Unsafe.allocateUninitializedArray(Ljava/lang/Class;I)Ljava/lang/Object; @ 51 c2
Event: 105,667 Thread 0x000074f25801a580 DEOPT PACKING pc=0x000074f318483e3c sp=0x000074f2addfd6d0
Event: 105,667 Thread 0x000074f25801a580 DEOPT UNPACKING pc=0x000074f317cb2f99 sp=0x000074f2addfd668 mode 2
Event: 105,668 Thread 0x000074f2540014f0 Uncommon trap: trap_request=0xffffffde fr.pc=0x000074f318483e3c relative=0x000000000000011c
Event: 105,668 Thread 0x000074f2540014f0 Uncommon trap: reason=class_check action=maybe_recompile pc=0x000074f318483e3c method=jdk.internal.misc.Unsafe.allocateUninitializedArray(Ljava/lang/Class;I)Ljava/lang/Object; @ 51 c2
Event: 105,668 Thread 0x000074f2540014f0 DEOPT PACKING pc=0x000074f318483e3c sp=0x000074f2adffc940
Event: 105,668 Thread 0x000074f2540014f0 DEOPT UNPACKING pc=0x000074f317cb2f99 sp=0x000074f2adffc8d8 mode 2

Classes loaded (20 events):
Event: 9,627 Loading class java/lang/invoke/VarHandleReferences$Array
Event: 9,627 Loading class java/lang/invoke/VarHandleReferences$Array done
Event: 9,629 Loading class java/text/ParseException
Event: 9,629 Loading class java/text/ParseException done
Event: 9,638 Loading class sun/text/resources/cldr/FormatData_en
Event: 9,638 Loading class sun/text/resources/cldr/FormatData_en done
Event: 9,638 Loading class sun/text/resources/cldr/FormatData_en_US
Event: 9,638 Loading class sun/text/resources/cldr/FormatData_en_US done
Event: 9,640 Loading class java/io/CharArrayReader
Event: 9,640 Loading class java/io/CharArrayReader done
Event: 9,678 Loading class java/util/Currency
Event: 9,678 Loading class java/util/Currency done
Event: 9,678 Loading class java/util/UUID
Event: 9,678 Loading class java/util/UUID done
Event: 9,688 Loading class java/lang/reflect/UndeclaredThrowableException
Event: 9,688 Loading class java/lang/reflect/UndeclaredThrowableException done
Event: 9,696 Loading class java/lang/invoke/DirectMethodHandle$Special
Event: 9,696 Loading class java/lang/invoke/DirectMethodHandle$Special done
Event: 14,062 Loading class java/util/LinkedList$DescendingIterator
Event: 14,062 Loading class java/util/LinkedList$DescendingIterator done

Classes unloaded (0 events):
No events

Classes redefined (0 events):
No events

Internal exceptions (20 events):
Event: 177,825 Thread 0x000074f2540014f0 Exception <a 'sun/nio/fs/UnixException'{0x00000006297d3348}> (0x00000006297d3348) 
thrown [./src/hotspot/share/prims/jni.cpp, line 520]
Event: 177,825 Thread 0x000074f2540014f0 Exception <a 'sun/nio/fs/UnixException'{0x00000006297d4350}> (0x00000006297d4350) 
thrown [./src/hotspot/share/prims/jni.cpp, line 520]
Event: 177,825 Thread 0x000074f2540014f0 Exception <a 'sun/nio/fs/UnixException'{0x00000006297d5368}> (0x00000006297d5368) 
thrown [./src/hotspot/share/prims/jni.cpp, line 520]
Event: 177,826 Thread 0x000074f2540014f0 Exception <a 'sun/nio/fs/UnixException'{0x00000006297d6380}> (0x00000006297d6380) 
thrown [./src/hotspot/share/prims/jni.cpp, line 520]
Event: 178,827 Thread 0x000074f2540014f0 Exception <a 'sun/nio/fs/UnixException'{0x00000006297dd390}> (0x00000006297dd390) 
thrown [./src/hotspot/share/prims/jni.cpp, line 520]
Event: 178,827 Thread 0x000074f2540014f0 Exception <a 'sun/nio/fs/UnixException'{0x00000006297de398}> (0x00000006297de398) 
thrown [./src/hotspot/share/prims/jni.cpp, line 520]
Event: 178,827 Thread 0x000074f2540014f0 Exception <a 'sun/nio/fs/UnixException'{0x00000006297df3a0}> (0x00000006297df3a0) 
thrown [./src/hotspot/share/prims/jni.cpp, line 520]
Event: 178,828 Thread 0x000074f2540014f0 Exception <a 'sun/nio/fs/UnixException'{0x00000006297e03b8}> (0x00000006297e03b8) 
thrown [./src/hotspot/share/prims/jni.cpp, line 520]
Event: 178,828 Thread 0x000074f2540014f0 Exception <a 'sun/nio/fs/UnixException'{0x00000006297e13d0}> (0x00000006297e13d0) 
thrown [./src/hotspot/share/prims/jni.cpp, line 520]
Event: 179,830 Thread 0x000074f2540014f0 Exception <a 'sun/nio/fs/UnixException'{0x00000006297e8390}> (0x00000006297e8390) 
thrown [./src/hotspot/share/prims/jni.cpp, line 520]
Event: 179,830 Thread 0x000074f2540014f0 Exception <a 'sun/nio/fs/UnixException'{0x00000006297e9398}> (0x00000006297e9398) 
thrown [./src/hotspot/share/prims/jni.cpp, line 520]
Event: 179,830 Thread 0x000074f2540014f0 Exception <a 'sun/nio/fs/UnixException'{0x00000006297ea3a0}> (0x00000006297ea3a0) 
thrown [./src/hotspot/share/prims/jni.cpp, line 520]
Event: 179,830 Thread 0x000074f2540014f0 Exception <a 'sun/nio/fs/UnixException'{0x00000006297eb3b8}> (0x00000006297eb3b8) 
thrown [./src/hotspot/share/prims/jni.cpp, line 520]
Event: 179,830 Thread 0x000074f2540014f0 Exception <a 'sun/nio/fs/UnixException'{0x00000006297ec618}> (0x00000006297ec618) 
thrown [./src/hotspot/share/prims/jni.cpp, line 520]
Event: 180,832 Thread 0x000074f2540014f0 Exception <a 'sun/nio/fs/UnixException'{0x00000006297f4a10}> (0x00000006297f4a10) 
thrown [./src/hotspot/share/prims/jni.cpp, line 520]
Event: 180,832 Thread 0x000074f2540014f0 Exception <a 'sun/nio/fs/UnixException'{0x00000006297f5a18}> (0x00000006297f5a18) 
thrown [./src/hotspot/share/prims/jni.cpp, line 520]
Event: 180,832 Thread 0x000074f2540014f0 Exception <a 'sun/nio/fs/UnixException'{0x00000006297f6a20}> (0x00000006297f6a20) 
thrown [./src/hotspot/share/prims/jni.cpp, line 520]
Event: 180,832 Thread 0x000074f2540014f0 Exception <a 'sun/nio/fs/UnixException'{0x00000006297f7a38}> (0x00000006297f7a38) 
thrown [./src/hotspot/share/prims/jni.cpp, line 520]
Event: 180,832 Thread 0x000074f2540014f0 Exception <a 'sun/nio/fs/UnixException'{0x00000006297f8a50}> (0x00000006297f8a50) 
thrown [./src/hotspot/share/prims/jni.cpp, line 520]
Event: 181,834 Thread 0x000074f2540014f0 Exception <a 'sun/nio/fs/UnixException'{0x00000006297ffab0}> (0x00000006297ffab0) 
thrown [./src/hotspot/share/prims/jni.cpp, line 520]

ZGC Phase Switch (0 events):
No events

VM Operations (20 events):
Event: 104,042 Executing VM operation: Cleanup done
Event: 111,042 Executing VM operation: Cleanup
Event: 111,042 Executing VM operation: Cleanup done
Event: 119,043 Executing VM operation: Cleanup
Event: 119,043 Executing VM operation: Cleanup done
Event: 121,043 Executing VM operation: Cleanup
Event: 121,043 Executing VM operation: Cleanup done
Event: 123,043 Executing VM operation: Cleanup
Event: 123,043 Executing VM operation: Cleanup done
Event: 125,044 Executing VM operation: Cleanup
Event: 125,044 Executing VM operation: Cleanup done
Event: 129,044 Executing VM operation: Cleanup
Event: 129,044 Executing VM operation: Cleanup done
Event: 135,044 Executing VM operation: Cleanup
Event: 135,044 Executing VM operation: Cleanup done
Event: 142,045 Executing VM operation: Cleanup
Event: 142,045 Executing VM operation: Cleanup done
Event: 169,047 Executing VM operation: Cleanup
Event: 169,047 Executing VM operation: Cleanup done
Event: 181,834 Executing VM operation: G1CollectForAllocation (G1 Evacuation Pause)

Memory protections (20 events):
Event: 9,634 Protecting memory [0x000074f2ad0f4000,0x000074f2ad0f8000] with protection modes 0
Event: 14,029 Protecting memory [0x000074f2acff4000,0x000074f2acff8000] with protection modes 0
Event: 14,030 Protecting memory [0x000074f2aea00000,0x000074f2aea04000] with protection modes 0
Event: 14,030 Protecting memory [0x000074f2ae400000,0x000074f2ae404000] with protection modes 0
Event: 14,030 Protecting memory [0x000074f2ad0f4000,0x000074f2ad0f8000] with protection modes 0
Event: 20,485 Protecting memory [0x000074f2ae400000,0x000074f2ae404000] with protection modes 0
Event: 20,486 Protecting memory [0x000074f2ad0f4000,0x000074f2ad0f8000] with protection modes 0
Event: 20,486 Protecting memory [0x000074f2acff4000,0x000074f2acff8000] with protection modes 0
Event: 20,486 Protecting memory [0x000074f2aea00000,0x000074f2aea04000] with protection modes 0
Event: 30,599 Protecting memory [0x000074f2ad0f4000,0x000074f2ad0f8000] with protection modes 0
Event: 30,600 Protecting memory [0x000074f2aea00000,0x000074f2aea04000] with protection modes 0
Event: 30,600 Protecting memory [0x000074f2acff4000,0x000074f2acff8000] with protection modes 0
Event: 30,600 Protecting memory [0x000074f2ae400000,0x000074f2ae404000] with protection modes 0
Event: 39,491 Protecting memory [0x000074f2aea00000,0x000074f2aea04000] with protection modes 0
Event: 67,566 Protecting memory [0x000074f2aea00000,0x000074f2aea04000] with protection modes 0
Event: 75,590 Protecting memory [0x000074f2aea00000,0x000074f2aea04000] with protection modes 0
Event: 121,708 Protecting memory [0x000074f2aea00000,0x000074f2aea04000] with protection modes 0
Event: 124,714 Protecting memory [0x000074f2aea00000,0x000074f2aea04000] with protection modes 0
Event: 124,714 Protecting memory [0x000074f2ae400000,0x000074f2ae404000] with protection modes 0
Event: 124,714 Protecting memory [0x000074f2ad0f4000,0x000074f2ad0f8000] with protection modes 0

Nmethod flushes (0 events):
No events

Events (20 events):
Event: 30,600 Thread 0x000074f3282783a0 Thread added: 0x000074f22002f070
Event: 30,600 Thread 0x000074f3282783a0 Thread added: 0x000074f22002fca0
Event: 30,620 Thread 0x000074f3282783a0 Thread exited: 0x000074f3282783a0
Event: 30,620 Thread 0x000074f22002f070 Thread exited: 0x000074f22002f070
Event: 30,620 Thread 0x000074f22002fca0 Thread exited: 0x000074f22002fca0
Event: 30,620 Thread 0x000074f22002e470 Thread exited: 0x000074f22002e470
Event: 39,491 Thread 0x000074f328139f90 Thread added: 0x000074f2881db170
Event: 42,500 Thread 0x000074f2881db170 Thread exited: 0x000074f2881db170
Event: 67,566 Thread 0x000074f328139f90 Thread added: 0x000074f288250340
Event: 68,569 Thread 0x000074f288250340 Thread exited: 0x000074f288250340
Event: 75,590 Thread 0x000074f328139f90 Thread added: 0x000074f2882523b0
Event: 76,592 Thread 0x000074f2882523b0 Thread exited: 0x000074f2882523b0
Event: 121,708 Thread 0x000074f328139f90 Thread added: 0x000074f2880fb500
Event: 122,709 Thread 0x000074f2880fb500 Thread exited: 0x000074f2880fb500
Event: 124,714 Thread 0x000074f328139f90 Thread added: 0x000074f2881e6340
Event: 124,714 Thread 0x000074f328139f90 Thread added: 0x000074f2881e6b30
Event: 124,714 Thread 0x000074f328139f90 Thread added: 0x000074f2881e7890
Event: 126,718 Thread 0x000074f2881e7890 Thread exited: 0x000074f2881e7890
Event: 126,719 Thread 0x000074f2881e6b30 Thread exited: 0x000074f2881e6b30
Event: 133,725 Thread 0x000074f2881e6340 Thread exited: 0x000074f2881e6340


Dynamic libraries:
60bc00000-62b400000 rw-p 00000000 00:00 0 
62b400000-7ffc00000 ---p 00000000 00:00 0 
7ffc00000-7ffd0d000 rw-p 00cdf000 103:05 2109049                         /usr/lib/jvm/java-21-openjdk-amd64/lib/server/classes.jsa
7ffd0d000-800000000 rw-p 00000000 00:00 0 
5f228f155000-5f228f156000 r--p 00000000 103:05 2099118                   /usr/lib/jvm/java-21-openjdk-amd64/bin/java
5f228f156000-5f228f157000 r-xp 00001000 103:05 2099118                   /usr/lib/jvm/java-21-openjdk-amd64/bin/java
5f228f157000-5f228f158000 r--p 00002000 103:05 2099118                   /usr/lib/jvm/java-21-openjdk-amd64/bin/java
5f228f158000-5f228f159000 r--p 00002000 103:05 2099118                   /usr/lib/jvm/java-21-openjdk-amd64/bin/java
5f228f159000-5f228f15a000 rw-p 00003000 103:05 2099118                   /usr/lib/jvm/java-21-openjdk-amd64/bin/java
5f22c935f000-5f22c93a6000 rw-p 00000000 00:00 0                          [heap]
74f214000000-74f2141b2000 rw-p 00000000 00:00 0 
74f2141b2000-74f218000000 ---p 00000000 00:00 0 
74f21c000000-74f21c067000 rw-p 00000000 00:00 0 
74f21c067000-74f220000000 ---p 00000000 00:00 0 
74f220000000-74f220058000 rw-p 00000000 00:00 0 
74f220058000-74f224000000 ---p 00000000 00:00 0 
74f224000000-74f224021000 rw-p 00000000 00:00 0 
74f224021000-74f228000000 ---p 00000000 00:00 0 
74f228000000-74f228021000 rw-p 00000000 00:00 0 
74f228021000-74f22c000000 ---p 00000000 00:00 0 
74f22c000000-74f22c021000 rw-p 00000000 00:00 0 
74f22c021000-74f230000000 ---p 00000000 00:00 0 
74f230000000-74f230021000 rw-p 00000000 00:00 0 
74f230021000-74f234000000 ---p 00000000 00:00 0 
74f234000000-74f234021000 rw-p 00000000 00:00 0 
74f234021000-74f238000000 ---p 00000000 00:00 0 
74f238000000-74f238021000 rw-p 00000000 00:00 0 
74f238021000-74f23c000000 ---p 00000000 00:00 0 
74f23c000000-74f23c021000 rw-p 00000000 00:00 0 
74f23c021000-74f240000000 ---p 00000000 00:00 0 
74f240000000-74f240021000 rw-p 00000000 00:00 0 
74f240021000-74f244000000 ---p 00000000 00:00 0 
74f244000000-74f244021000 rw-p 00000000 00:00 0 
74f244021000-74f248000000 ---p 00000000 00:00 0 
74f248000000-74f248021000 rw-p 00000000 00:00 0 
74f248021000-74f24c000000 ---p 00000000 00:00 0 
74f24c000000-74f24c021000 rw-p 00000000 00:00 0 
74f24c021000-74f250000000 ---p 00000000 00:00 0 
74f250000000-74f250021000 rw-p 00000000 00:00 0 
74f250021000-74f254000000 ---p 00000000 00:00 0 
74f254000000-74f254021000 rw-p 00000000 00:00 0 
74f254021000-74f258000000 ---p 00000000 00:00 0 
74f258000000-74f25804b000 rw-p 00000000 00:00 0 
74f25804b000-74f25c000000 ---p 00000000 00:00 0 
74f25c000000-74f25c19b000 rw-p 00000000 00:00 0 
74f25c19b000-74f260000000 ---p 00000000 00:00 0 
74f260000000-74f260168000 rw-p 00000000 00:00 0 
74f260168000-74f264000000 ---p 00000000 00:00 0 
74f264000000-74f264288000 rw-p 00000000 00:00 0 
74f264288000-74f268000000 ---p 00000000 00:00 0 
74f268000000-74f26815d000 rw-p 00000000 00:00 0 
74f26815d000-74f26c000000 ---p 00000000 00:00 0 
74f26c000000-74f26c021000 rw-p 00000000 00:00 0 
74f26c021000-74f270000000 ---p 00000000 00:00 0 
74f270000000-74f2701bd000 rw-p 00000000 00:00 0 
74f2701bd000-74f274000000 ---p 00000000 00:00 0 
74f274000000-74f274439000 rw-p 00000000 00:00 0 
74f274439000-74f278000000 ---p 00000000 00:00 0 
74f278000000-74f278021000 rw-p 00000000 00:00 0 
74f278021000-74f27c000000 ---p 00000000 00:00 0 
74f27c000000-74f27c1b1000 rw-p 00000000 00:00 0 
74f27c1b1000-74f280000000 ---p 00000000 00:00 0 
74f280000000-74f280021000 rw-p 00000000 00:00 0 
74f280021000-74f284000000 ---p 00000000 00:00 0 
74f284000000-74f285944000 rw-p 00000000 00:00 0 
74f285944000-74f288000000 ---p 00000000 00:00 0 
74f288000000-74f288255000 rw-p 00000000 00:00 0 
74f288255000-74f28c000000 ---p 00000000 00:00 0 
74f28c000000-74f28c021000 rw-p 00000000 00:00 0 
74f28c021000-74f290000000 ---p 00000000 00:00 0 
74f290000000-74f290021000 rw-p 00000000 00:00 0 
74f290021000-74f294000000 ---p 00000000 00:00 0 
74f294000000-74f294021000 rw-p 00000000 00:00 0 
74f294021000-74f298000000 ---p 00000000 00:00 0 
74f298000000-74f298021000 rw-p 00000000 00:00 0 
74f298021000-74f29c000000 ---p 00000000 00:00 0 
74f29c000000-74f29c021000 rw-p 00000000 00:00 0 
74f29c021000-74f2a0000000 ---p 00000000 00:00 0 
74f2a0000000-74f2a0021000 rw-p 00000000 00:00 0 
74f2a0021000-74f2a4000000 ---p 00000000 00:00 0 
74f2a4000000-74f2a43f0000 rw-p 00000000 00:00 0 
74f2a43f0000-74f2a4470000 rw-p 00000000 00:00 0 
74f2a4470000-74f2a44f0000 rw-p 00000000 00:00 0 
74f2a44f0000-74f2a46b0000 rw-p 00000000 00:00 0 
74f2a46b0000-74f2a46f0000 rw-p 00000000 00:00 0 
74f2a46f0000-74f2a48f0000 rw-p 00000000 00:00 0 
74f2a48f0000-74f2a4930000 rw-p 00000000 00:00 0 
74f2a4930000-74f2a4970000 rw-p 00000000 00:00 0 
74f2a4970000-74f2a4af0000 rw-p 00000000 00:00 0 
74f2a4af0000-74f2a4f40000 rw-p 00000000 00:00 0 
74f2a4f40000-74f2a4f80000 ---p 00000000 00:00 0 
74f2a4f80000-74f2a4fe0000 rw-p 00000000 00:00 0 
74f2a4fe0000-74f2a8000000 ---p 00000000 00:00 0 
74f2a8000000-74f2a8021000 rw-p 00000000 00:00 0 
74f2a8021000-74f2ac000000 ---p 00000000 00:00 0 
74f2acff4000-74f2acff8000 ---p 00000000 00:00 0 
74f2acff8000-74f2ad0f4000 rw-p 00000000 00:00 0 
74f2ad0f4000-74f2ad0f8000 ---p 00000000 00:00 0 
74f2ad0f8000-74f2ad1f4000 rw-p 00000000 00:00 0 
74f2ad1f4000-74f2ad1f5000 ---p 00000000 00:00 0 
74f2ad1f5000-74f2ad2f5000 rw-p 00000000 00:00 0 
74f2ad2f5000-74f2ad2f6000 ---p 00000000 00:00 0 
74f2ad2f6000-74f2ad3f6000 rw-p 00000000 00:00 0 
74f2ad3f6000-74f2ad3f7000 ---p 00000000 00:00 0 
74f2ad3f7000-74f2ad4f7000 rw-p 00000000 00:00 0 
74f2ad4f7000-74f2ad4f8000 ---p 00000000 00:00 0 
74f2ad4f8000-74f2ad5f8000 rw-p 00000000 00:00 0 
74f2ad5f8000-74f2ad5f9000 ---p 00000000 00:00 0 
74f2ad5f9000-74f2ad6f9000 rw-p 00000000 00:00 0 
74f2ad6f9000-74f2ad6fa000 ---p 00000000 00:00 0 
74f2ad6fa000-74f2ad7fa000 rw-p 00000000 00:00 0 
74f2ad7fa000-74f2ad7fb000 ---p 00000000 00:00 0 
74f2ad7fb000-74f2ad8fb000 rw-p 00000000 00:00 0 
74f2ad8fb000-74f2ad8fc000 ---p 00000000 00:00 0 
74f2ad8fc000-74f2ad9fc000 rw-p 00000000 00:00 0 
74f2ad9fc000-74f2ad9fd000 ---p 00000000 00:00 0 
74f2ad9fd000-74f2adafd000 rw-p 00000000 00:00 0 
74f2adafd000-74f2adafe000 ---p 00000000 00:00 0 
74f2adafe000-74f2adbfe000 rw-p 00000000 00:00 0 
74f2adbfe000-74f2adbff000 ---p 00000000 00:00 0 
74f2adbff000-74f2adcff000 rw-p 00000000 00:00 0 
74f2adcff000-74f2add03000 ---p 00000000 00:00 0 
74f2add03000-74f2addff000 rw-p 00000000 00:00 0 
74f2addff000-74f2ade03000 ---p 00000000 00:00 0 
74f2ade03000-74f2adeff000 rw-p 00000000 00:00 0 
74f2adeff000-74f2adf03000 ---p 00000000 00:00 0 
74f2adf03000-74f2adfff000 rw-p 00000000 00:00 0 
74f2adfff000-74f2ae003000 ---p 00000000 00:00 0 
74f2ae003000-74f2ae0ff000 rw-p 00000000 00:00 0 
74f2ae0ff000-74f2ae103000 ---p 00000000 00:00 0 
74f2ae103000-74f2ae1ff000 rw-p 00000000 00:00 0 
74f2ae1ff000-74f2ae203000 ---p 00000000 00:00 0 
74f2ae203000-74f2ae2ff000 rw-p 00000000 00:00 0 
74f2ae2ff000-74f2ae303000 ---p 00000000 00:00 0 
74f2ae303000-74f2ae3ff000 rw-p 00000000 00:00 0 
74f2ae400000-74f2ae404000 ---p 00000000 00:00 0 
74f2ae404000-74f2ae500000 rw-p 00000000 00:00 0 
74f2ae500000-74f2ae504000 ---p 00000000 00:00 0 
74f2ae504000-74f2ae600000 rw-p 00000000 00:00 0 
74f2ae600000-74f2ae604000 ---p 00000000 00:00 0 
74f2ae604000-74f2ae700000 rw-p 00000000 00:00 0 
74f2ae700000-74f2ae704000 ---p 00000000 00:00 0 
74f2ae704000-74f2ae800000 rw-p 00000000 00:00 0 
74f2ae800000-74f2ae804000 ---p 00000000 00:00 0 
74f2ae804000-74f2ae900000 rw-p 00000000 00:00 0 
74f2ae900000-74f2ae904000 ---p 00000000 00:00 0 
74f2ae904000-74f2aea00000 rw-p 00000000 00:00 0 
74f2aea00000-74f2aea04000 ---p 00000000 00:00 0 
74f2aea04000-74f2aeb00000 rw-p 00000000 00:00 0 
74f2aeb00000-74f2aeb04000 ---p 00000000 00:00 0 
74f2aeb04000-74f2aec00000 rw-p 00000000 00:00 0 
74f2aec00000-74f2aec04000 ---p 00000000 00:00 0 
74f2aec04000-74f2aed00000 rw-p 00000000 00:00 0 
74f2aed00000-74f2aed04000 ---p 00000000 00:00 0 
74f2aed04000-74f2aee00000 rw-p 00000000 00:00 0 
74f2aee00000-74f2aee04000 ---p 00000000 00:00 0 
74f2aee04000-74f2aef00000 rw-p 00000000 00:00 0 
74f2aef00000-74f2aef04000 ---p 00000000 00:00 0 
74f2aef04000-74f2af000000 rw-p 00000000 00:00 0 
74f2af000000-74f2afca0000 rw-p 00001000 103:05 2109049                   /usr/lib/jvm/java-21-openjdk-amd64/lib/server/classes.jsa
74f2afca0000-74f2b0000000 ---p 00000000 00:00 0 
74f2b0000000-74f2b0010000 rw-p 00000000 00:00 0 
74f2b0010000-74f2b0030000 rw-p 00000000 00:00 0 
74f2b0030000-74f2b00b0000 rw-p 00000000 00:00 0 
74f2b00b0000-74f2b00f0000 rw-p 00000000 00:00 0 
74f2b00f0000-74f2b0130000 rw-p 00000000 00:00 0 
74f2b0130000-74f2b0200000 rw-p 00000000 00:00 0 
74f2b0200000-74f2f0000000 ---p 00000000 00:00 0 
74f2f0000000-74f2f0021000 rw-p 00000000 00:00 0 
74f2f0021000-74f2f4000000 ---p 00000000 00:00 0 
74f2f4000000-74f2f4021000 rw-p 00000000 00:00 0 
74f2f4021000-74f2f8000000 ---p 00000000 00:00 0 
74f2f8000000-74f2f8021000 rw-p 00000000 00:00 0 
74f2f8021000-74f2fc000000 ---p 00000000 00:00 0 
74f2fc000000-74f2fc021000 rw-p 00000000 00:00 0 
74f2fc021000-74f300000000 ---p 00000000 00:00 0 
74f300000000-74f300021000 rw-p 00000000 00:00 0 
74f300021000-74f304004000 ---p 00000000 00:00 0 
74f304004000-74f304100000 rw-p 00000000 00:00 0 
74f304100000-74f304104000 ---p 00000000 00:00 0 
74f304104000-74f304200000 rw-p 00000000 00:00 0 
74f304200000-74f3047d4000 r--p 00000000 103:05 1575094                   /usr/lib/locale/locale-archive
74f3047f0000-74f3047f1000 ---p 00000000 00:00 0 
74f3047f1000-74f3048f1000 rw-p 00000000 00:00 0 
74f3048f1000-74f3048f2000 ---p 00000000 00:00 0 
74f3048f2000-74f3049f2000 rw-p 00000000 00:00 0 
74f3049f2000-74f3049f3000 ---p 00000000 00:00 0 
74f3049f3000-74f304af3000 rw-p 00000000 00:00 0 
74f304af3000-74f304af4000 ---p 00000000 00:00 0 
74f304af4000-74f304bf4000 rw-p 00000000 00:00 0 
74f304bf4000-74f307800000 rw-p 00000000 00:00 0 
74f30784b000-74f30794c000 rw-p 00000000 00:00 0 
74f30794c000-74f30794d000 ---p 00000000 00:00 0 
74f30794d000-74f307a4d000 rw-p 00000000 00:00 0 
74f307a4d000-74f307a4e000 ---p 00000000 00:00 0 
74f307a4e000-74f307b4e000 rw-p 00000000 00:00 0 
74f307b4e000-74f30832e000 rw-p 00000000 00:00 0 
74f30832e000-74f30f84e000 ---p 00000000 00:00 0 
74f30f84e000-74f30f95a000 rw-p 00000000 00:00 0 
74f30f95a000-74f3107fe000 ---p 00000000 00:00 0 
74f3107fe000-74f310800000 rw-p 00000000 00:00 0 
74f310800000-74f310dc0000 rwxp 00000000 00:00 0 
74f310dc0000-74f317c5f000 ---p 00000000 00:00 0 
74f317c5f000-74f317fff000 rwxp 00000000 00:00 0 
74f317fff000-74f3183a0000 ---p 00000000 00:00 0 
74f3183a0000-74f318610000 rwxp 00000000 00:00 0 
74f318610000-74f31f800000 ---p 00000000 00:00 0 
74f31f800000-74f327e2a000 r--s 00000000 103:05 2109048                   /usr/lib/jvm/java-21-openjdk-amd64/lib/modules
74f327e2e000-74f327e33000 r--p 00000000 103:05 2109032                   /usr/lib/jvm/java-21-openjdk-amd64/lib/libjsvml.so
74f327e33000-74f327e74000 r-xp 00005000 103:05 2109032                   /usr/lib/jvm/java-21-openjdk-amd64/lib/libjsvml.so
74f327e74000-74f327efd000 r--p 00046000 103:05 2109032                   /usr/lib/jvm/java-21-openjdk-amd64/lib/libjsvml.so
74f327efd000-74f327efe000 r--p 000ce000 103:05 2109032                   /usr/lib/jvm/java-21-openjdk-amd64/lib/libjsvml.so
74f327efe000-74f327eff000 rw-p 000cf000 103:05 2109032                   /usr/lib/jvm/java-21-openjdk-amd64/lib/libjsvml.so
74f327eff000-74f327f00000 ---p 00000000 00:00 0 
74f327f00000-74f328000000 rw-p 00000000 00:00 0 
74f328000000-74f328503000 rw-p 00000000 00:00 0 
74f328503000-74f32c000000 ---p 00000000 00:00 0 
74f32c066000-74f32c08b000 r--p 00000000 103:05 4206214                   /usr/share/locale-langpack/de/LC_MESSAGES/libc.mo
74f32c08b000-74f32c092000 r--s 00000000 103:05 2232881                   /usr/lib/x86_64-linux-gnu/gconv/gconv-modules.cache
74f32c092000-74f32c094000 r--p 00000000 103:05 2109037                   /usr/lib/jvm/java-21-openjdk-amd64/lib/libmanagement_ext.so
74f32c094000-74f32c097000 r-xp 00002000 103:05 2109037                   /usr/lib/jvm/java-21-openjdk-amd64/lib/libmanagement_ext.so
74f32c097000-74f32c098000 r--p 00005000 103:05 2109037                   /usr/lib/jvm/java-21-openjdk-amd64/lib/libmanagement_ext.so
74f32c098000-74f32c099000 r--p 00006000 103:05 2109037                   /usr/lib/jvm/java-21-openjdk-amd64/lib/libmanagement_ext.so
74f32c099000-74f32c09a000 rw-p 00007000 103:05 2109037                   /usr/lib/jvm/java-21-openjdk-amd64/lib/libmanagement_ext.so
74f32c09a000-74f32c09d000 r--p 00000000 103:05 2109039                   /usr/lib/jvm/java-21-openjdk-amd64/lib/libnet.so
74f32c09d000-74f32c0a5000 r-xp 00003000 103:05 2109039                   /usr/lib/jvm/java-21-openjdk-amd64/lib/libnet.so
74f32c0a5000-74f32c0a7000 r--p 0000b000 103:05 2109039                   /usr/lib/jvm/java-21-openjdk-amd64/lib/libnet.so
74f32c0a7000-74f32c0a8000 r--p 0000c000 103:05 2109039                   /usr/lib/jvm/java-21-openjdk-amd64/lib/libnet.so
74f32c0a8000-74f32c0a9000 rw-p 0000d000 103:05 2109039                   /usr/lib/jvm/java-21-openjdk-amd64/lib/libnet.so
74f32c0a9000-74f32c0b0000 r--p 00000000 103:05 2109040                   /usr/lib/jvm/java-21-openjdk-amd64/lib/libnio.so
74f32c0b0000-74f32c0b9000 r-xp 00007000 103:05 2109040                   /usr/lib/jvm/java-21-openjdk-amd64/lib/libnio.so
74f32c0b9000-74f32c0bd000 r--p 00010000 103:05 2109040                   /usr/lib/jvm/java-21-openjdk-amd64/lib/libnio.so
74f32c0bd000-74f32c0be000 r--p 00014000 103:05 2109040                   /usr/lib/jvm/java-21-openjdk-amd64/lib/libnio.so
74f32c0be000-74f32c0bf000 rw-p 00015000 103:05 2109040                   /usr/lib/jvm/java-21-openjdk-amd64/lib/libnio.so
74f32c0bf000-74f32c27b000 rw-p 00000000 00:00 0 
74f32c27b000-74f32d11f000 ---p 00000000 00:00 0 
74f32d11f000-74f32de33000 rw-p 00000000 00:00 0 
74f32de33000-74f32df17000 ---p 00000000 00:00 0 
74f32df17000-74f32df23000 rw-p 00000000 00:00 0 
74f32df23000-74f32e000000 ---p 00000000 00:00 0 
74f32e000000-74f32e09d000 r--p 00000000 103:05 1573111                   /usr/lib/x86_64-linux-gnu/libstdc++.so.6.0.33
74f32e09d000-74f32e1e5000 r-xp 0009d000 103:05 1573111                   /usr/lib/x86_64-linux-gnu/libstdc++.so.6.0.33
74f32e1e5000-74f32e26c000 r--p 001e5000 103:05 1573111                   /usr/lib/x86_64-linux-gnu/libstdc++.so.6.0.33
74f32e26c000-74f32e277000 r--p 0026b000 103:05 1573111                   /usr/lib/x86_64-linux-gnu/libstdc++.so.6.0.33
74f32e277000-74f32e27a000 rw-p 00276000 103:05 1573111                   /usr/lib/x86_64-linux-gnu/libstdc++.so.6.0.33
74f32e27a000-74f32e27e000 rw-p 00000000 00:00 0 
74f32e27f000-74f32e300000 rw-p 00000000 00:00 0 
74f32e300000-74f32e304000 ---p 00000000 00:00 0 
74f32e304000-74f32e400000 rw-p 00000000 00:00 0 
74f32e400000-74f32e6a2000 r--p 00000000 103:05 2109052                   /usr/lib/jvm/java-21-openjdk-amd64/lib/server/libjvm.so
74f32e6a2000-74f32f517000 r-xp 002a2000 103:05 2109052                   /usr/lib/jvm/java-21-openjdk-amd64/lib/server/libjvm.so
74f32f517000-74f32f7f1000 r--p 01117000 103:05 2109052                   /usr/lib/jvm/java-21-openjdk-amd64/lib/server/libjvm.so
74f32f7f1000-74f32f8c5000 r--p 013f0000 103:05 2109052                   /usr/lib/jvm/java-21-openjdk-amd64/lib/server/libjvm.so
74f32f8c5000-74f32f8f5000 rw-p 014c4000 103:05 2109052                   /usr/lib/jvm/java-21-openjdk-amd64/lib/server/libjvm.so
74f32f8f5000-74f32f95b000 rw-p 00000000 00:00 0 
74f32f95e000-74f32f960000 r--p 00000000 103:05 2109035                   /usr/lib/jvm/java-21-openjdk-amd64/lib/libmanagement.so
74f32f960000-74f32f961000 r-xp 00002000 103:05 2109035                   /usr/lib/jvm/java-21-openjdk-amd64/lib/libmanagement.so
74f32f961000-74f32f962000 r--p 00003000 103:05 2109035                   /usr/lib/jvm/java-21-openjdk-amd64/lib/libmanagement.so
74f32f962000-74f32f963000 r--p 00003000 103:05 2109035                   /usr/lib/jvm/java-21-openjdk-amd64/lib/libmanagement.so
74f32f963000-74f32f964000 rw-p 00004000 103:05 2109035                   /usr/lib/jvm/java-21-openjdk-amd64/lib/libmanagement.so
74f32f964000-74f32fa00000 rw-p 00000000 00:00 0 
74f32fa00000-74f32fa28000 r--p 00000000 103:05 1576416                   /usr/lib/x86_64-linux-gnu/libc.so.6
74f32fa28000-74f32fbb0000 r-xp 00028000 103:05 1576416                   /usr/lib/x86_64-linux-gnu/libc.so.6
74f32fbb0000-74f32fbff000 r--p 001b0000 103:05 1576416                   /usr/lib/x86_64-linux-gnu/libc.so.6
74f32fbff000-74f32fc03000 r--p 001fe000 103:05 1576416                   /usr/lib/x86_64-linux-gnu/libc.so.6
74f32fc03000-74f32fc05000 rw-p 00202000 103:05 1576416                   /usr/lib/x86_64-linux-gnu/libc.so.6
74f32fc05000-74f32fc12000 rw-p 00000000 00:00 0 
74f32fc13000-74f32fc14000 r--p 00000000 103:05 2109018                   /usr/lib/jvm/java-21-openjdk-amd64/lib/libextnet.so
74f32fc14000-74f32fc15000 r-xp 00001000 103:05 2109018                   /usr/lib/jvm/java-21-openjdk-amd64/lib/libextnet.so
74f32fc15000-74f32fc16000 r--p 00002000 103:05 2109018                   /usr/lib/jvm/java-21-openjdk-amd64/lib/libextnet.so
74f32fc16000-74f32fc17000 r--p 00002000 103:05 2109018                   /usr/lib/jvm/java-21-openjdk-amd64/lib/libextnet.so
74f32fc17000-74f32fc18000 rw-p 00003000 103:05 2109018                   /usr/lib/jvm/java-21-openjdk-amd64/lib/libextnet.so
74f32fc18000-74f32fc1a000 r--p 00000000 103:05 2109047                   /usr/lib/jvm/java-21-openjdk-amd64/lib/libzip.so
74f32fc1a000-74f32fc1f000 r-xp 00002000 103:05 2109047                   /usr/lib/jvm/java-21-openjdk-amd64/lib/libzip.so
74f32fc1f000-74f32fc21000 r--p 00007000 103:05 2109047                   /usr/lib/jvm/java-21-openjdk-amd64/lib/libzip.so
74f32fc21000-74f32fc22000 r--p 00008000 103:05 2109047                   /usr/lib/jvm/java-21-openjdk-amd64/lib/libzip.so
74f32fc22000-74f32fc23000 rw-p 00009000 103:05 2109047                   /usr/lib/jvm/java-21-openjdk-amd64/lib/libzip.so
74f32fc23000-74f32fca9000 rw-p 00000000 00:00 0 
74f32fca9000-74f32fcb0000 ---p 00000000 00:00 0 
74f32fcb0000-74f32fcb8000 rw-s 00000000 103:05 20449309                  /tmp/hsperfdata_user/66507
74f32fcb8000-74f32fcc5000 r--p 00000000 103:05 2109025                   /usr/lib/jvm/java-21-openjdk-amd64/lib/libjava.so
74f32fcc5000-74f32fcd4000 r-xp 0000d000 103:05 2109025                   /usr/lib/jvm/java-21-openjdk-amd64/lib/libjava.so
74f32fcd4000-74f32fcd9000 r--p 0001c000 103:05 2109025                   /usr/lib/jvm/java-21-openjdk-amd64/lib/libjava.so
74f32fcd9000-74f32fcda000 r--p 00021000 103:05 2109025                   /usr/lib/jvm/java-21-openjdk-amd64/lib/libjava.so
74f32fcda000-74f32fcdb000 rw-p 00022000 103:05 2109025                   /usr/lib/jvm/java-21-openjdk-amd64/lib/libjava.so
74f32fcdb000-74f32fcdc000 rw-p 00000000 00:00 0 
74f32fcdc000-74f32fce0000 r--p 00000000 103:05 1573844                   /usr/lib/x86_64-linux-gnu/libgcc_s.so.1
74f32fce0000-74f32fd04000 r-xp 00004000 103:05 1573844                   /usr/lib/x86_64-linux-gnu/libgcc_s.so.1
74f32fd04000-74f32fd08000 r--p 00028000 103:05 1573844                   /usr/lib/x86_64-linux-gnu/libgcc_s.so.1
74f32fd08000-74f32fd09000 r--p 0002b000 103:05 1573844                   /usr/lib/x86_64-linux-gnu/libgcc_s.so.1
74f32fd09000-74f32fd0a000 rw-p 0002c000 103:05 1573844                   /usr/lib/x86_64-linux-gnu/libgcc_s.so.1
74f32fd0a000-74f32fd1a000 r--p 00000000 103:05 1576435                   /usr/lib/x86_64-linux-gnu/libm.so.6
74f32fd1a000-74f32fd99000 r-xp 00010000 103:05 1576435                   /usr/lib/x86_64-linux-gnu/libm.so.6
74f32fd99000-74f32fdf1000 r--p 0008f000 103:05 1576435                   /usr/lib/x86_64-linux-gnu/libm.so.6
74f32fdf1000-74f32fdf2000 r--p 000e7000 103:05 1576435                   /usr/lib/x86_64-linux-gnu/libm.so.6
74f32fdf2000-74f32fdf3000 rw-p 000e8000 103:05 1576435                   /usr/lib/x86_64-linux-gnu/libm.so.6
74f32fdf3000-74f32fdf5000 rw-p 00000000 00:00 0 
74f32fdf5000-74f32fdf7000 r--p 00000000 103:05 2109029                   /usr/lib/jvm/java-21-openjdk-amd64/lib/libjli.so
74f32fdf7000-74f32fe01000 r-xp 00002000 103:05 2109029                   /usr/lib/jvm/java-21-openjdk-amd64/lib/libjli.so
74f32fe01000-74f32fe04000 r--p 0000c000 103:05 2109029                   /usr/lib/jvm/java-21-openjdk-amd64/lib/libjli.so
74f32fe04000-74f32fe05000 r--p 0000f000 103:05 2109029                   /usr/lib/jvm/java-21-openjdk-amd64/lib/libjli.so
74f32fe05000-74f32fe06000 rw-p 00010000 103:05 2109029                   /usr/lib/jvm/java-21-openjdk-amd64/lib/libjli.so
74f32fe06000-74f32fe08000 r--p 00000000 103:05 1574338                   /usr/lib/x86_64-linux-gnu/libz.so.1.3
74f32fe08000-74f32fe1a000 r-xp 00002000 103:05 1574338                   /usr/lib/x86_64-linux-gnu/libz.so.1.3
74f32fe1a000-74f32fe20000 r--p 00014000 103:05 1574338                   /usr/lib/x86_64-linux-gnu/libz.so.1.3
74f32fe20000-74f32fe21000 r--p 0001a000 103:05 1574338                   /usr/lib/x86_64-linux-gnu/libz.so.1.3
74f32fe21000-74f32fe22000 rw-p 0001b000 103:05 1574338                   /usr/lib/x86_64-linux-gnu/libz.so.1.3
74f32fe26000-74f32fe28000 r--p 00000000 103:05 2109020                   /usr/lib/jvm/java-21-openjdk-amd64/lib/libinstrument.so
74f32fe28000-74f32fe2e000 r-xp 00002000 103:05 2109020                   /usr/lib/jvm/java-21-openjdk-amd64/lib/libinstrument.so
74f32fe2e000-74f32fe31000 r--p 00008000 103:05 2109020                   /usr/lib/jvm/java-21-openjdk-amd64/lib/libinstrument.so
74f32fe31000-74f32fe32000 r--p 0000a000 103:05 2109020                   /usr/lib/jvm/java-21-openjdk-amd64/lib/libinstrument.so
74f32fe32000-74f32fe33000 rw-p 0000b000 103:05 2109020                   /usr/lib/jvm/java-21-openjdk-amd64/lib/libinstrument.so
74f32fe33000-74f32fe34000 ---p 00000000 00:00 0 
74f32fe34000-74f32fe35000 r--p 00000000 00:00 0 
74f32fe35000-74f32fe36000 ---p 00000000 00:00 0 
74f32fe36000-74f32fe38000 r--p 00000000 103:05 2109028                   /usr/lib/jvm/java-21-openjdk-amd64/lib/libjimage.so
74f32fe38000-74f32fe3b000 r-xp 00002000 103:05 2109028                   /usr/lib/jvm/java-21-openjdk-amd64/lib/libjimage.so
74f32fe3b000-74f32fe3c000 r--p 00005000 103:05 2109028                   /usr/lib/jvm/java-21-openjdk-amd64/lib/libjimage.so
74f32fe3c000-74f32fe3d000 r--p 00006000 103:05 2109028                   /usr/lib/jvm/java-21-openjdk-amd64/lib/libjimage.so
74f32fe3d000-74f32fe3e000 rw-p 00007000 103:05 2109028                   /usr/lib/jvm/java-21-openjdk-amd64/lib/libjimage.so
74f32fe3e000-74f32fe40000 rw-p 00000000 00:00 0 
74f32fe40000-74f32fe41000 r--p 00000000 103:05 1574877                   /usr/lib/x86_64-linux-gnu/ld-linux-x86-64.so.2
74f32fe41000-74f32fe6c000 r-xp 00001000 103:05 1574877                   /usr/lib/x86_64-linux-gnu/ld-linux-x86-64.so.2
74f32fe6c000-74f32fe76000 r--p 0002c000 103:05 1574877                   /usr/lib/x86_64-linux-gnu/ld-linux-x86-64.so.2
74f32fe76000-74f32fe78000 r--p 00036000 103:05 1574877                   /usr/lib/x86_64-linux-gnu/ld-linux-x86-64.so.2
74f32fe78000-74f32fe7a000 rw-p 00038000 103:05 1574877                   /usr/lib/x86_64-linux-gnu/ld-linux-x86-64.so.2
7ffe26d86000-7ffe26da7000 rw-p 00000000 00:00 0                          [stack]
7ffe26dbb000-7ffe26dbf000 r--p 00000000 00:00 0                          [vvar]
7ffe26dbf000-7ffe26dc1000 r-xp 00000000 00:00 0                          [vdso]
ffffffffff600000-ffffffffff601000 --xp 00000000 00:00 0                  [vsyscall]
Total number of mappings: 330

JVMTI agents:
/snap/intellij-idea-ultimate/634/lib/idea_rt.jar path:none, loaded, initialized, instrumentlib options:38991


VM Arguments:
jvm_args: -javaagent:/snap/intellij-idea-ultimate/634/lib/idea_rt.jar=38991 -Dfile.encoding=UTF-8 -Dsun.stdout.encoding=UTF-8 -Dsun.stderr.encoding=UTF-8 
java_command: eva.platzda.cli.CliMain
java_class_path (initial): /home/user/ProgrammingLocal/Uni/platzda/cli/target/classes:/home/user/.m2/repository/com/fasterxml/jackson/core/jackson-databind/2.17.1/jackson-databind-2.17.1.jar:/home/user/.m2/repository/com/fasterxml/jackson/core/jackson-annotations/2.17.1/jackson-annotations-2.17.1.jar:/home/user/.m2/repository/com/fasterxml/jackson/core/jackson-core/2.17.1/jackson-core-2.17.1.jar
Launcher Type: SUN_STANDARD

[Global flags]
     intx CICompilerCount                          = 12                                        {product} {ergonomic}
     uint ConcGCThreads                            = 3                                         {product} {ergonomic}
     uint G1ConcRefinementThreads                  = 13                                        {product} {ergonomic}
   size_t G1HeapRegionSize                         = 4194304                                   {product} {ergonomic}
    uintx GCDrainStackTargetSize                   = 64                                        {product} {ergonomic}
   size_t InitialHeapSize                          = 528482304                                 {product} {ergonomic}
   size_t MarkStackSize                            = 4194304                                   {product} {ergonomic}
   size_t MaxHeapSize                              = 8392802304                                {product} {ergonomic}
   size_t MaxNewSize                               = 5033164800                                {product} {ergonomic}
   size_t MinHeapDeltaBytes                        = 4194304                                   {product} {ergonomic}
   size_t MinHeapSize                              = 8388608                                   {product} {ergonomic}
    uintx NonNMethodCodeHeapSize                   = 7602480                                {pd product} {ergonomic}
    uintx NonProfiledCodeHeapSize                  = 122027880                              {pd product} {ergonomic}
    uintx ProfiledCodeHeapSize                     = 122027880                              {pd product} {ergonomic}
    uintx ReservedCodeCacheSize                    = 251658240                              {pd product} {ergonomic}
     bool SegmentedCodeCache                       = true                                      {product} {ergonomic}
   size_t SoftMaxHeapSize                          = 8392802304                             {manageable} {ergonomic}
     bool UseCompressedOops                        = true                           {product lp64_product} {ergonomic}
     bool UseG1GC                                  = true                                      {product} {ergonomic}

Logging:
Log output configuration:
 #0: stdout all=warning uptime,level,tags foldmultilines=false
 #1: stderr all=off uptime,level,tags foldmultilines=false

Environment Variables:
PATH=/home/user/.cargo/bin:/home/user/.local/bin:/usr/local/sbin:/usr/local/bin:/usr/sbin:/usr/bin:/sbin:/bin:/usr/games:/usr/local/games:/snap/bin:/snap/bin
USERNAME=user
SHELL=/bin/bash
DISPLAY=:1
LANG=de_DE.UTF-8

Active Locale:
LC_ALL=de_DE.UTF-8
LC_COLLATE=de_DE.UTF-8
LC_CTYPE=de_DE.UTF-8
LC_MESSAGES=de_DE.UTF-8
LC_MONETARY=de_DE.UTF-8
LC_NUMERIC=de_DE.UTF-8
LC_TIME=de_DE.UTF-8

Signal Handlers:
   SIGSEGV: crash_handler in libjvm.so, mask=11100100010111111101111111111110, flags=SA_RESTART|SA_SIGINFO, unblocked
    SIGBUS: crash_handler in libjvm.so, mask=11100100010111111101111111111110, flags=SA_RESTART|SA_SIGINFO, unblocked
    SIGFPE: crash_handler in libjvm.so, mask=11100100010111111101111111111110, flags=SA_RESTART|SA_SIGINFO, unblocked
   SIGPIPE: javaSignalHandler in libjvm.so, mask=11100100010111111101111111111110, flags=SA_RESTART|SA_SIGINFO, blocked
   SIGXFSZ: javaSignalHandler in libjvm.so, mask=11100100010111111101111111111110, flags=SA_RESTART|SA_SIGINFO, blocked
    SIGILL: crash_handler in libjvm.so, mask=11100100010111111101111111111110, flags=SA_RESTART|SA_SIGINFO, unblocked
   SIGUSR2: SR_handler in libjvm.so, mask=00000000000000000000000000000000, flags=SA_RESTART|SA_SIGINFO, blocked
    SIGHUP: UserHandler in libjvm.so, mask=11100100010111111101111111111110, flags=SA_RESTART|SA_SIGINFO, blocked
    SIGINT: UserHandler in libjvm.so, mask=11100100010111111101111111111110, flags=SA_RESTART|SA_SIGINFO, blocked
   SIGTERM: UserHandler in libjvm.so, mask=11100100010111111101111111111110, flags=SA_RESTART|SA_SIGINFO, blocked
   SIGQUIT: UserHandler in libjvm.so, mask=11100100010111111101111111111110, flags=SA_RESTART|SA_SIGINFO, blocked
   SIGTRAP: crash_handler in libjvm.so, mask=11100100010111111101111111111110, flags=SA_RESTART|SA_SIGINFO, unblocked


Periodic native trim disabled

---------------  S Y S T E M  ---------------

OS:
DISTRIB_ID=Ubuntu
DISTRIB_RELEASE=24.04
DISTRIB_CODENAME=noble
DISTRIB_DESCRIPTION="Ubuntu 24.04.2 LTS"
uname: Linux 6.8.0-71-generic #71-Ubuntu SMP PREEMPT_DYNAMIC Tue Jul 22 16:52:38 UTC 2025 x86_64
OS uptime: 0 days 9:59 hours
libc: glibc 2.39 NPTL 2.39 
rlimit (soft/hard): STACK 8192k/infinity , CORE 0k/infinity , NPROC 127731/127731 , NOFILE 1048576/1048576 , AS infinity/infinity , CPU infinity/infinity , DATA infinity/infinity , FSIZE infinity/infinity , MEMLOCK 4097756k/4097756k
load average: 0,28 0,65 0,84

/proc/meminfo:
MemTotal:       32782056 kB
MemFree:         4288708 kB
MemAvailable:   21262048 kB
Buffers:         4740148 kB
Cached:          7261964 kB
SwapCached:            0 kB
Active:         13054780 kB
Inactive:        9854956 kB
Active(anon):    9606212 kB
Inactive(anon):        0 kB
Active(file):    3448568 kB
Inactive(file):  9854956 kB
Unevictable:         372 kB
Mlocked:             372 kB
SwapTotal:       2097148 kB
SwapFree:        2097148 kB
Zswap:                 0 kB
Zswapped:              0 kB
Dirty:               444 kB
Writeback:             0 kB
AnonPages:      10908696 kB
Mapped:          2233832 kB
Shmem:            187700 kB
KReclaimable:    4134096 kB
Slab:            4758660 kB
SReclaimable:    4134096 kB
SUnreclaim:       624564 kB
KernelStack:       34544 kB
PageTables:        90636 kB
SecPageTables:         0 kB
NFS_Unstable:          0 kB
Bounce:                0 kB
WritebackTmp:          0 kB
CommitLimit:    18488176 kB
Committed_AS:   25679532 kB
VmallocTotal:   34359738367 kB
VmallocUsed:      159344 kB
VmallocChunk:          0 kB
Percpu:            48128 kB
HardwareCorrupted:     0 kB
AnonHugePages:         0 kB
ShmemHugePages:        0 kB
ShmemPmdMapped:        0 kB
FileHugePages:         0 kB
FilePmdMapped:         0 kB
Unaccepted:            0 kB
HugePages_Total:       0
HugePages_Free:        0
HugePages_Rsvd:        0
HugePages_Surp:        0
Hugepagesize:       2048 kB
Hugetlb:               0 kB
DirectMap4k:      750052 kB
DirectMap2M:    21194752 kB
DirectMap1G:    11534336 kB

/sys/kernel/mm/transparent_hugepage/enabled: always [madvise] never
/sys/kernel/mm/transparent_hugepage/hpage_pmd_size: 2097152
/sys/kernel/mm/transparent_hugepage/defrag (defrag/compaction efforts parameter): always defer defer+madvise [madvise] never

Process Memory:
Virtual Size: 12768264K (peak: 12830664K)
Resident Set Size: 153408K (peak: 153408K) (anon: 126512K, file: 26896K, shmem: 0K)
Swapped out: 0K
C-Heap outstanding allocations: 42284K, retained: 34991K
glibc malloc tunables: (default)

/proc/sys/kernel/threads-max (system-wide limit on the number of threads): 255462
/proc/sys/vm/max_map_count (maximum number of memory map areas a process may have): 1048576
/proc/sys/vm/swappiness (control to define how aggressively the kernel swaps out anonymous memory): 1
/proc/sys/kernel/pid_max (system-wide limit on number of process identifiers): 4194304

container (cgroup) information:
container_type: cgroupv2
cpu_cpuset_cpus: not supported
cpu_memory_nodes: not supported
active_processor_count: 16
cpu_quota: not supported
cpu_period: not supported
cpu_shares: not supported
memory_limit_in_bytes: unlimited
memory_and_swap_limit_in_bytes: unlimited
memory_soft_limit_in_bytes: 0
memory_usage_in_bytes: 4432016 k
memory_max_usage_in_bytes: not supported
memory_swap_current_in_bytes: 0
memory_swap_max_limit_in_bytes: unlimited
maximum number of tasks: 38319
current number of tasks: 359

Steal ticks since vm start: 0
Steal ticks percentage since vm start:  0,000

CPU: total 32 (initial active 16) (16 cores per cpu, 2 threads per core) family 25 model 33 stepping 0 microcode 0xa20102d, cx8, cmov, fxsr, ht, mmx, 3dnowpref, sse, sse2, sse3, ssse3, sse4a, sse4.1, sse4.2, popcnt, lzcnt, tsc, tscinvbit, avx, avx2, aes, erms, clmul, bmi1, bmi2, adx, sha, fma, vzeroupper, clflush, clflushopt, rdtscp, rdpid, fsrm, f16c, pku, ospke, cet_ss
CPU Model and flags from /proc/cpuinfo:
model name	: AMD Ryzen 7 5800X 8-Core Processor
flags		: fpu vme de pse tsc msr pae mce cx8 apic sep mtrr pge mca cmov pat pse36 clflush mmx fxsr sse sse2 ht syscall nx mmxext fxsr_opt pdpe1gb rdtscp lm constant_tsc rep_good nopl nonstop_tsc cpuid extd_apicid aperfmperf rapl pni pclmulqdq monitor ssse3 fma cx16 sse4_1 sse4_2 movbe popcnt aes xsave avx f16c rdrand lahf_lm cmp_legacy svm extapic cr8_legacy abm sse4a misalignsse 3dnowprefetch osvw ibs skinit wdt tce topoext perfctr_core perfctr_nb bpext perfctr_llc mwaitx cpb cat_l3 cdp_l3 hw_pstate ssbd mba ibrs ibpb stibp vmmcall fsgsbase bmi1 avx2 smep bmi2 erms invpcid cqm rdt_a rdseed adx smap clflushopt clwb sha_ni xsaveopt xsavec xgetbv1 xsaves cqm_llc cqm_occup_llc cqm_mbm_total cqm_mbm_local user_shstk clzero irperf xsaveerptr rdpru wbnoinvd arat npt lbrv svm_lock nrip_save tsc_scale vmcb_clean flushbyasid decodeassists pausefilter pfthreshold avic v_vmsave_vmload vgif v_spec_ctrl umip pku ospke vaes vpclmulqdq rdpid overflow_recov succor smca fsrm debug_swap

Online cpus: 0-15
Offline cpus: 16-31
BIOS frequency limitation: 3800000
Frequency switch latency (ns): 0
Available cpu frequencies: 3800000 2800000 2200000 
Current governor: schedutil
Core performance/turbo boost: 1

Memory: 4k page, physical 32782056k(21262048k free), swap 2097148k(2097148k free)
Page Sizes: 4k

vm_info: OpenJDK 64-Bit Server VM (21.0.8+9-Ubuntu-0ubuntu124.04.1) for linux-amd64 JRE (21.0.8+9-Ubuntu-0ubuntu124.04.1), built on 2025-07-16T21:55:59Z by "buildd" with gcc 13.3.0

END.
